
/home/wredenba/git/BikeLightsV4/particle_impl/BikeLightsParticleSparkles/target/4.0.1/argon/BikeLightsParticleSparkles.elf:     file format elf32-littlearm

Sections:
Idx Name          Size      VMA       LMA       File off  Algn
  0 .module_info  00000018  000b4000  000b4000  00004000  2**0
                  CONTENTS, ALLOC, LOAD, READONLY, DATA
  1 .dynalib      00000004  000b4018  000b4018  00004018  2**2
                  CONTENTS, ALLOC, LOAD, READONLY, DATA
  2 .text         00000e34  000b401c  000b401c  0000401c  2**2
                  CONTENTS, ALLOC, LOAD, READONLY, CODE
  3 .note.gnu.build-id 00000024  000b4e50  000b4e50  00004e50  2**2
                  CONTENTS, ALLOC, LOAD, READONLY, DATA
  4 .backup       00000004  2003f400  000b4e74  0000f400  2**2
                  CONTENTS, ALLOC, LOAD, DATA
  5 .data         0000006c  2003e670  000b4e78  0001e670  2**2
                  CONTENTS, ALLOC, LOAD, DATA
  6 .bss          00000114  2003e6dc  2003e6dc  0002e6dc  2**2
                  ALLOC
  7 .module_info_suffix 00000028  000b4ee4  000b4ee4  00024ee4  2**0
                  CONTENTS, ALLOC, LOAD, READONLY, DATA
  8 .module_info_crc 00000004  000b4f0c  000b4f0c  00024f0c  2**0
                  CONTENTS, ALLOC, LOAD, READONLY, DATA
  9 .debug_info   000c84cf  00000000  00000000  00024f10  2**0
                  CONTENTS, READONLY, DEBUGGING, OCTETS
 10 .debug_abbrev 0000bfd7  00000000  00000000  000ed3df  2**0
                  CONTENTS, READONLY, DEBUGGING, OCTETS
 11 .debug_aranges 00001fa0  00000000  00000000  000f93b6  2**0
                  CONTENTS, READONLY, DEBUGGING, OCTETS
 12 .debug_macro  0002e8a9  00000000  00000000  000fb356  2**0
                  CONTENTS, READONLY, DEBUGGING, OCTETS
 13 .debug_line   0002a5c2  00000000  00000000  00129bff  2**0
                  CONTENTS, READONLY, DEBUGGING, OCTETS
 14 .debug_str    0012aa47  00000000  00000000  001541c1  2**0
                  CONTENTS, READONLY, DEBUGGING, OCTETS
 15 .debug_loc    0002d2a8  00000000  00000000  0027ec08  2**0
                  CONTENTS, READONLY, DEBUGGING, OCTETS
 16 .debug_ranges 00008628  00000000  00000000  002abeb0  2**0
                  CONTENTS, READONLY, DEBUGGING, OCTETS
 17 .debug_frame  00005890  00000000  00000000  002b44d8  2**2
                  CONTENTS, READONLY, DEBUGGING, OCTETS

Disassembly of section .text:

000b401c <module_user_pre_init>:
/**
 * Initializes this user module. Returns the start of the heap.
 */
void* module_user_pre_init() {

    if ( (&link_global_data_start!=&link_global_data_initial_values) && (link_global_data_size != 0))
   b401c:	4809      	ldr	r0, [pc, #36]	; (b4044 <module_user_pre_init+0x28>)
   b401e:	490a      	ldr	r1, [pc, #40]	; (b4048 <module_user_pre_init+0x2c>)
   b4020:	4288      	cmp	r0, r1
void* module_user_pre_init() {
   b4022:	b508      	push	{r3, lr}
    if ( (&link_global_data_start!=&link_global_data_initial_values) && (link_global_data_size != 0))
   b4024:	d005      	beq.n	b4032 <module_user_pre_init+0x16>
   b4026:	4a09      	ldr	r2, [pc, #36]	; (b404c <module_user_pre_init+0x30>)
   b4028:	4282      	cmp	r2, r0
   b402a:	d002      	beq.n	b4032 <module_user_pre_init+0x16>
    {
        memcpy(&link_global_data_start, &link_global_data_initial_values, link_global_data_size);
   b402c:	1a12      	subs	r2, r2, r0
   b402e:	f000 fd53 	bl	b4ad8 <memcpy>
    }

    memset(&link_bss_location, 0, link_bss_size );
   b4032:	4807      	ldr	r0, [pc, #28]	; (b4050 <module_user_pre_init+0x34>)
   b4034:	4a07      	ldr	r2, [pc, #28]	; (b4054 <module_user_pre_init+0x38>)
   b4036:	2100      	movs	r1, #0
   b4038:	1a12      	subs	r2, r2, r0
   b403a:	f000 fd5b 	bl	b4af4 <memset>
    return &link_global_data_start;
}
   b403e:	4801      	ldr	r0, [pc, #4]	; (b4044 <module_user_pre_init+0x28>)
   b4040:	bd08      	pop	{r3, pc}
   b4042:	bf00      	nop
   b4044:	2003e670 	.word	0x2003e670
   b4048:	000b4e78 	.word	0x000b4e78
   b404c:	2003e6dc 	.word	0x2003e6dc
   b4050:	2003e6dc 	.word	0x2003e6dc
   b4054:	2003e7ed 	.word	0x2003e7ed

000b4058 <module_user_init>:
extern constructor_ptr_t link_constructors_location[];
extern constructor_ptr_t link_constructors_end;
#define link_constructors_size   ((unsigned long)&link_constructors_end  -  (unsigned long)&link_constructors_location )

void module_user_init()
{
   b4058:	b570      	push	{r4, r5, r6, lr}
    module_user_init_hook();

    // invoke constructors
    for (size_t ctor_num=0; ctor_num < link_constructors_size/sizeof(constructor_ptr_t); ctor_num++ )
   b405a:	4e07      	ldr	r6, [pc, #28]	; (b4078 <module_user_init+0x20>)
   b405c:	4c07      	ldr	r4, [pc, #28]	; (b407c <module_user_init+0x24>)
    module_user_init_hook();
   b405e:	f000 fbb5 	bl	b47cc <module_user_init_hook>
    for (size_t ctor_num=0; ctor_num < link_constructors_size/sizeof(constructor_ptr_t); ctor_num++ )
   b4062:	1ba4      	subs	r4, r4, r6
   b4064:	08a4      	lsrs	r4, r4, #2
   b4066:	2500      	movs	r5, #0
   b4068:	42ac      	cmp	r4, r5
   b406a:	d100      	bne.n	b406e <module_user_init+0x16>
    {
        link_constructors_location[ctor_num]();
    }
}
   b406c:	bd70      	pop	{r4, r5, r6, pc}
        link_constructors_location[ctor_num]();
   b406e:	f856 3b04 	ldr.w	r3, [r6], #4
   b4072:	4798      	blx	r3
    for (size_t ctor_num=0; ctor_num < link_constructors_size/sizeof(constructor_ptr_t); ctor_num++ )
   b4074:	3501      	adds	r5, #1
   b4076:	e7f7      	b.n	b4068 <module_user_init+0x10>
   b4078:	000b4e30 	.word	0x000b4e30
   b407c:	000b4e50 	.word	0x000b4e50

000b4080 <module_user_setup>:

/**
 * Export these functions with a fuller name so they don't clash with the setup/loop wrappers in the system module.
 */
void module_user_setup() {
    setup();
   b4080:	f000 b813 	b.w	b40aa <setup>

000b4084 <module_user_loop>:
}

void module_user_loop() {
   b4084:	b508      	push	{r3, lr}
    loop();
   b4086:	f000 f811 	bl	b40ac <loop>
    _post_loop();
}
   b408a:	e8bd 4008 	ldmia.w	sp!, {r3, lr}
    _post_loop();
   b408e:	f000 bb55 	b.w	b473c <_post_loop>

000b4092 <_Znaj>:
   b4092:	f000 b929 	b.w	b42e8 <malloc>

000b4096 <_ZdlPvj>:
	free(p);
}

void operator delete(void *p, size_t size)
{
	free(p);
   b4096:	f000 b92f 	b.w	b42f8 <free>

000b409a <__cxa_guard_acquire>:

/* Provide default implemenation for __cxa_guard_acquire() and
 * __cxa_guard_release(). Note: these must be revisited if a multitasking
 * OS is ported to this platform. */
__extension__ typedef int __guard __attribute__((mode (__DI__)));
int __cxa_guard_acquire(__guard *g) {return !*(char *)(g);};
   b409a:	7800      	ldrb	r0, [r0, #0]
   b409c:	fab0 f080 	clz	r0, r0
   b40a0:	0940      	lsrs	r0, r0, #5
   b40a2:	4770      	bx	lr

000b40a4 <__cxa_guard_release>:
void __cxa_guard_release (__guard *g) {*(char *)g = 1;};
   b40a4:	2301      	movs	r3, #1
   b40a6:	7003      	strb	r3, [r0, #0]
   b40a8:	4770      	bx	lr

000b40aa <setup>:

// setup() runs once, when the device is first turned on.
void setup() {
  // Put initialization like pinMode and begin functions here.

}
   b40aa:	4770      	bx	lr

000b40ac <loop>:
   b40ac:	4770      	bx	lr
	...

000b40b0 <HAL_USB_USART_Init>:
// GNINRAW

DYNALIB_BEGIN(hal_usb)

#ifdef USB_CDC_ENABLE
DYNALIB_FN(0, hal_usb, HAL_USB_USART_Init, void(HAL_USB_USART_Serial, const HAL_USB_USART_Config*))
   b40b0:	b508      	push	{r3, lr}
   b40b2:	4b02      	ldr	r3, [pc, #8]	; (b40bc <HAL_USB_USART_Init+0xc>)
   b40b4:	681b      	ldr	r3, [r3, #0]
   b40b6:	681b      	ldr	r3, [r3, #0]
   b40b8:	9301      	str	r3, [sp, #4]
   b40ba:	bd08      	pop	{r3, pc}
   b40bc:	0003024c 	.word	0x0003024c

000b40c0 <HAL_USB_USART_Available_Data>:
DYNALIB_FN(1, hal_usb, HAL_USB_USART_Begin, void(HAL_USB_USART_Serial, uint32_t, void *))
DYNALIB_FN(2, hal_usb, HAL_USB_USART_End, void(HAL_USB_USART_Serial))
DYNALIB_FN(3, hal_usb, HAL_USB_USART_Baud_Rate, unsigned int(HAL_USB_USART_Serial))
DYNALIB_FN(4, hal_usb, HAL_USB_USART_Available_Data, int32_t(HAL_USB_USART_Serial))
   b40c0:	b508      	push	{r3, lr}
   b40c2:	4b02      	ldr	r3, [pc, #8]	; (b40cc <HAL_USB_USART_Available_Data+0xc>)
   b40c4:	681b      	ldr	r3, [r3, #0]
   b40c6:	691b      	ldr	r3, [r3, #16]
   b40c8:	9301      	str	r3, [sp, #4]
   b40ca:	bd08      	pop	{r3, pc}
   b40cc:	0003024c 	.word	0x0003024c

000b40d0 <HAL_USB_USART_Available_Data_For_Write>:
DYNALIB_FN(5, hal_usb, HAL_USB_USART_Available_Data_For_Write, int32_t(HAL_USB_USART_Serial))
   b40d0:	b508      	push	{r3, lr}
   b40d2:	4b02      	ldr	r3, [pc, #8]	; (b40dc <HAL_USB_USART_Available_Data_For_Write+0xc>)
   b40d4:	681b      	ldr	r3, [r3, #0]
   b40d6:	695b      	ldr	r3, [r3, #20]
   b40d8:	9301      	str	r3, [sp, #4]
   b40da:	bd08      	pop	{r3, pc}
   b40dc:	0003024c 	.word	0x0003024c

000b40e0 <HAL_USB_USART_Receive_Data>:
DYNALIB_FN(6, hal_usb, HAL_USB_USART_Receive_Data, int32_t(HAL_USB_USART_Serial, uint8_t))
   b40e0:	b508      	push	{r3, lr}
   b40e2:	4b02      	ldr	r3, [pc, #8]	; (b40ec <HAL_USB_USART_Receive_Data+0xc>)
   b40e4:	681b      	ldr	r3, [r3, #0]
   b40e6:	699b      	ldr	r3, [r3, #24]
   b40e8:	9301      	str	r3, [sp, #4]
   b40ea:	bd08      	pop	{r3, pc}
   b40ec:	0003024c 	.word	0x0003024c

000b40f0 <HAL_USB_USART_Send_Data>:
DYNALIB_FN(7, hal_usb, HAL_USB_USART_Send_Data, int32_t(HAL_USB_USART_Serial, uint8_t))
   b40f0:	b508      	push	{r3, lr}
   b40f2:	4b02      	ldr	r3, [pc, #8]	; (b40fc <HAL_USB_USART_Send_Data+0xc>)
   b40f4:	681b      	ldr	r3, [r3, #0]
   b40f6:	69db      	ldr	r3, [r3, #28]
   b40f8:	9301      	str	r3, [sp, #4]
   b40fa:	bd08      	pop	{r3, pc}
   b40fc:	0003024c 	.word	0x0003024c

000b4100 <HAL_USB_USART_Flush_Data>:
DYNALIB_FN(8, hal_usb, HAL_USB_USART_Flush_Data, void(HAL_USB_USART_Serial))
   b4100:	b508      	push	{r3, lr}
   b4102:	4b02      	ldr	r3, [pc, #8]	; (b410c <HAL_USB_USART_Flush_Data+0xc>)
   b4104:	681b      	ldr	r3, [r3, #0]
   b4106:	6a1b      	ldr	r3, [r3, #32]
   b4108:	9301      	str	r3, [sp, #4]
   b410a:	bd08      	pop	{r3, pc}
   b410c:	0003024c 	.word	0x0003024c

000b4110 <hal_usart_write>:
#endif

DYNALIB_FN(BASE_IDX + 0, hal_usart, hal_usart_init, void(hal_usart_interface_t, hal_usart_ring_buffer_t*, hal_usart_ring_buffer_t*))
DYNALIB_FN(BASE_IDX + 1, hal_usart, hal_usart_begin, void(hal_usart_interface_t, uint32_t))
DYNALIB_FN(BASE_IDX + 2, hal_usart, hal_usart_end, void(hal_usart_interface_t))
DYNALIB_FN(BASE_IDX + 3, hal_usart, hal_usart_write, uint32_t(hal_usart_interface_t, uint8_t))
   b4110:	b508      	push	{r3, lr}
   b4112:	4b02      	ldr	r3, [pc, #8]	; (b411c <hal_usart_write+0xc>)
   b4114:	681b      	ldr	r3, [r3, #0]
   b4116:	68db      	ldr	r3, [r3, #12]
   b4118:	9301      	str	r3, [sp, #4]
   b411a:	bd08      	pop	{r3, pc}
   b411c:	0003023c 	.word	0x0003023c

000b4120 <hal_usart_available>:
DYNALIB_FN(BASE_IDX + 4, hal_usart, hal_usart_available, int32_t(hal_usart_interface_t))
   b4120:	b508      	push	{r3, lr}
   b4122:	4b02      	ldr	r3, [pc, #8]	; (b412c <hal_usart_available+0xc>)
   b4124:	681b      	ldr	r3, [r3, #0]
   b4126:	691b      	ldr	r3, [r3, #16]
   b4128:	9301      	str	r3, [sp, #4]
   b412a:	bd08      	pop	{r3, pc}
   b412c:	0003023c 	.word	0x0003023c

000b4130 <hal_usart_read>:
DYNALIB_FN(BASE_IDX + 5, hal_usart, hal_usart_read, int32_t(hal_usart_interface_t))
   b4130:	b508      	push	{r3, lr}
   b4132:	4b02      	ldr	r3, [pc, #8]	; (b413c <hal_usart_read+0xc>)
   b4134:	681b      	ldr	r3, [r3, #0]
   b4136:	695b      	ldr	r3, [r3, #20]
   b4138:	9301      	str	r3, [sp, #4]
   b413a:	bd08      	pop	{r3, pc}
   b413c:	0003023c 	.word	0x0003023c

000b4140 <hal_usart_peek>:
DYNALIB_FN(BASE_IDX + 6, hal_usart, hal_usart_peek, int32_t(hal_usart_interface_t))
   b4140:	b508      	push	{r3, lr}
   b4142:	4b02      	ldr	r3, [pc, #8]	; (b414c <hal_usart_peek+0xc>)
   b4144:	681b      	ldr	r3, [r3, #0]
   b4146:	699b      	ldr	r3, [r3, #24]
   b4148:	9301      	str	r3, [sp, #4]
   b414a:	bd08      	pop	{r3, pc}
   b414c:	0003023c 	.word	0x0003023c

000b4150 <hal_usart_flush>:
DYNALIB_FN(BASE_IDX + 7, hal_usart, hal_usart_flush, void(hal_usart_interface_t))
   b4150:	b508      	push	{r3, lr}
   b4152:	4b02      	ldr	r3, [pc, #8]	; (b415c <hal_usart_flush+0xc>)
   b4154:	681b      	ldr	r3, [r3, #0]
   b4156:	69db      	ldr	r3, [r3, #28]
   b4158:	9301      	str	r3, [sp, #4]
   b415a:	bd08      	pop	{r3, pc}
   b415c:	0003023c 	.word	0x0003023c

000b4160 <hal_usart_available_data_for_write>:
DYNALIB_FN(BASE_IDX + 8, hal_usart, hal_usart_is_enabled, bool(hal_usart_interface_t))
DYNALIB_FN(BASE_IDX + 9, hal_usart, hal_usart_half_duplex, void(hal_usart_interface_t, bool))
DYNALIB_FN(BASE_IDX + 10, hal_usart, hal_usart_available_data_for_write, int32_t(hal_usart_interface_t))
   b4160:	b508      	push	{r3, lr}
   b4162:	4b02      	ldr	r3, [pc, #8]	; (b416c <hal_usart_available_data_for_write+0xc>)
   b4164:	681b      	ldr	r3, [r3, #0]
   b4166:	6a9b      	ldr	r3, [r3, #40]	; 0x28
   b4168:	9301      	str	r3, [sp, #4]
   b416a:	bd08      	pop	{r3, pc}
   b416c:	0003023c 	.word	0x0003023c

000b4170 <hal_usart_init_ex>:
DYNALIB_FN(BASE_IDX2 + 0, hal_usart, hal_usart_begin_config, void(hal_usart_interface_t serial, uint32_t baud, uint32_t config, void *ptr))
DYNALIB_FN(BASE_IDX2 + 1, hal_usart, hal_usart_write_nine_bits, uint32_t(hal_usart_interface_t serial, uint16_t data))
DYNALIB_FN(BASE_IDX2 + 2, hal_usart, hal_usart_send_break, void(hal_usart_interface_t, void*))
DYNALIB_FN(BASE_IDX2 + 3, hal_usart, hal_usart_break_detected, uint8_t(hal_usart_interface_t))
DYNALIB_FN(BASE_IDX2 + 4, hal_usart, hal_usart_sleep, int(hal_usart_interface_t serial, bool, void*))
DYNALIB_FN(BASE_IDX2 + 5, hal_usart, hal_usart_init_ex, int(hal_usart_interface_t, const hal_usart_buffer_config_t*, void*))
   b4170:	b508      	push	{r3, lr}
   b4172:	4b02      	ldr	r3, [pc, #8]	; (b417c <hal_usart_init_ex+0xc>)
   b4174:	681b      	ldr	r3, [r3, #0]
   b4176:	6c1b      	ldr	r3, [r3, #64]	; 0x40
   b4178:	9301      	str	r3, [sp, #4]
   b417a:	bd08      	pop	{r3, pc}
   b417c:	0003023c 	.word	0x0003023c

000b4180 <inet_inet_ntop>:
DYNALIB_FN(0, hal_inet, inet_inet_addr, in_addr_t(const char*))
DYNALIB_FN(1, hal_inet, inet_inet_aton, int(const char*, struct in_addr*))
DYNALIB_FN(2, hal_inet, inet_inet_network, in_addr_t(const char*))
DYNALIB_FN(3, hal_inet, inet_inet_ntoa, char*(struct in_addr))
DYNALIB_FN(4, hal_inet, inet_inet_ntoa_r, char*(struct in_addr, char*, socklen_t))
DYNALIB_FN(5, hal_inet, inet_inet_ntop, const char*(int, const void*, char*, socklen_t))
   b4180:	b508      	push	{r3, lr}
   b4182:	4b02      	ldr	r3, [pc, #8]	; (b418c <inet_inet_ntop+0xc>)
   b4184:	681b      	ldr	r3, [r3, #0]
   b4186:	695b      	ldr	r3, [r3, #20]
   b4188:	9301      	str	r3, [sp, #4]
   b418a:	bd08      	pop	{r3, pc}
   b418c:	00030264 	.word	0x00030264

000b4190 <os_mutex_recursive_create>:
DYNALIB_FN(13, hal_concurrent, os_mutex_destroy, int(os_mutex_t))
DYNALIB_FN(14, hal_concurrent, os_mutex_lock, int(os_mutex_t))
DYNALIB_FN(15, hal_concurrent, os_mutex_trylock, int(os_mutex_t))
DYNALIB_FN(16, hal_concurrent, os_mutex_unlock, int(os_mutex_t))

DYNALIB_FN(17, hal_concurrent, os_mutex_recursive_create, int(os_mutex_recursive_t*))
   b4190:	b508      	push	{r3, lr}
   b4192:	4b02      	ldr	r3, [pc, #8]	; (b419c <os_mutex_recursive_create+0xc>)
   b4194:	681b      	ldr	r3, [r3, #0]
   b4196:	6c5b      	ldr	r3, [r3, #68]	; 0x44
   b4198:	9301      	str	r3, [sp, #4]
   b419a:	bd08      	pop	{r3, pc}
   b419c:	00030248 	.word	0x00030248

000b41a0 <HAL_RNG_GetRandomNumber>:

DYNALIB_BEGIN(hal)

#if PLATFORM_ID > PLATFORM_GCC
DYNALIB_FN(0, hal, HAL_RNG_Configuration, void(void))
DYNALIB_FN(1, hal, HAL_RNG_GetRandomNumber, uint32_t(void))
   b41a0:	b508      	push	{r3, lr}
   b41a2:	4b02      	ldr	r3, [pc, #8]	; (b41ac <HAL_RNG_GetRandomNumber+0xc>)
   b41a4:	681b      	ldr	r3, [r3, #0]
   b41a6:	685b      	ldr	r3, [r3, #4]
   b41a8:	9301      	str	r3, [sp, #4]
   b41aa:	bd08      	pop	{r3, pc}
   b41ac:	00030218 	.word	0x00030218

000b41b0 <HAL_Timer_Get_Milli_Seconds>:
#endif // PLATFORM_ID > PLATFORM_GCC

DYNALIB_FN(BASE_IDX + 0, hal, HAL_Delay_Milliseconds, void(uint32_t))
DYNALIB_FN(BASE_IDX + 1, hal, HAL_Delay_Microseconds, void(uint32_t))
DYNALIB_FN(BASE_IDX + 2, hal, HAL_Timer_Get_Micro_Seconds, system_tick_t(void))
DYNALIB_FN(BASE_IDX + 3, hal, HAL_Timer_Get_Milli_Seconds, system_tick_t(void))
   b41b0:	b508      	push	{r3, lr}
   b41b2:	4b02      	ldr	r3, [pc, #8]	; (b41bc <HAL_Timer_Get_Milli_Seconds+0xc>)
   b41b4:	681b      	ldr	r3, [r3, #0]
   b41b6:	695b      	ldr	r3, [r3, #20]
   b41b8:	9301      	str	r3, [sp, #4]
   b41ba:	bd08      	pop	{r3, pc}
   b41bc:	00030218 	.word	0x00030218

000b41c0 <netdb_freeaddrinfo>:

DYNALIB_BEGIN(hal_netdb)

DYNALIB_FN(0, hal_netdb, netdb_gethostbyname, struct hostent*(const char*))
DYNALIB_FN(1, hal_netdb, netdb_gethostbyname_r, int(const char*, struct hostent*, char*, size_t, struct hostent**, int*))
DYNALIB_FN(2, hal_netdb, netdb_freeaddrinfo, void(struct addrinfo*))
   b41c0:	b508      	push	{r3, lr}
   b41c2:	4b02      	ldr	r3, [pc, #8]	; (b41cc <netdb_freeaddrinfo+0xc>)
   b41c4:	681b      	ldr	r3, [r3, #0]
   b41c6:	689b      	ldr	r3, [r3, #8]
   b41c8:	9301      	str	r3, [sp, #4]
   b41ca:	bd08      	pop	{r3, pc}
   b41cc:	00030268 	.word	0x00030268

000b41d0 <netdb_getaddrinfo>:
DYNALIB_FN(3, hal_netdb, netdb_getaddrinfo, int(const char*, const char*, const struct addrinfo*, struct addrinfo**))
   b41d0:	b508      	push	{r3, lr}
   b41d2:	4b02      	ldr	r3, [pc, #8]	; (b41dc <netdb_getaddrinfo+0xc>)
   b41d4:	681b      	ldr	r3, [r3, #0]
   b41d6:	68db      	ldr	r3, [r3, #12]
   b41d8:	9301      	str	r3, [sp, #4]
   b41da:	bd08      	pop	{r3, pc}
   b41dc:	00030268 	.word	0x00030268

000b41e0 <spark_set_random_seed_from_cloud_handler>:
DYNALIB_FN(10, system_cloud, spark_unsubscribe, void(void*))
DYNALIB_FN(11, system_cloud, spark_sync_time, bool(void*))
DYNALIB_FN(12, system_cloud, spark_sync_time_pending, bool(void*))
DYNALIB_FN(13, system_cloud, spark_sync_time_last, system_tick_t(time32_t*, time_t*))
DYNALIB_FN(14, system_cloud, spark_set_connection_property, int(unsigned, unsigned, const void*, void*))
DYNALIB_FN(15, system_cloud, spark_set_random_seed_from_cloud_handler, int(void (*handler)(unsigned int), void*))
   b41e0:	b508      	push	{r3, lr}
   b41e2:	4b02      	ldr	r3, [pc, #8]	; (b41ec <spark_set_random_seed_from_cloud_handler+0xc>)
   b41e4:	681b      	ldr	r3, [r3, #0]
   b41e6:	6bdb      	ldr	r3, [r3, #60]	; 0x3c
   b41e8:	9301      	str	r3, [sp, #4]
   b41ea:	bd08      	pop	{r3, pc}
   b41ec:	00030244 	.word	0x00030244

000b41f0 <network_connect>:
#endif

DYNALIB_BEGIN(system_net)

DYNALIB_FN(0, system_net, network_config, const void*(network_handle_t, uint32_t, void*))
DYNALIB_FN(1, system_net, network_connect, void(network_handle_t, uint32_t, uint32_t, void*))
   b41f0:	b508      	push	{r3, lr}
   b41f2:	4b02      	ldr	r3, [pc, #8]	; (b41fc <network_connect+0xc>)
   b41f4:	681b      	ldr	r3, [r3, #0]
   b41f6:	685b      	ldr	r3, [r3, #4]
   b41f8:	9301      	str	r3, [sp, #4]
   b41fa:	bd08      	pop	{r3, pc}
   b41fc:	00030240 	.word	0x00030240

000b4200 <network_connecting>:
DYNALIB_FN(2, system_net, network_connecting, bool(network_handle_t, uint32_t, void*))
   b4200:	b508      	push	{r3, lr}
   b4202:	4b02      	ldr	r3, [pc, #8]	; (b420c <network_connecting+0xc>)
   b4204:	681b      	ldr	r3, [r3, #0]
   b4206:	689b      	ldr	r3, [r3, #8]
   b4208:	9301      	str	r3, [sp, #4]
   b420a:	bd08      	pop	{r3, pc}
   b420c:	00030240 	.word	0x00030240

000b4210 <network_disconnect>:
DYNALIB_FN(3, system_net, network_disconnect, void(network_handle_t, uint32_t, void*))
   b4210:	b508      	push	{r3, lr}
   b4212:	4b02      	ldr	r3, [pc, #8]	; (b421c <network_disconnect+0xc>)
   b4214:	681b      	ldr	r3, [r3, #0]
   b4216:	68db      	ldr	r3, [r3, #12]
   b4218:	9301      	str	r3, [sp, #4]
   b421a:	bd08      	pop	{r3, pc}
   b421c:	00030240 	.word	0x00030240

000b4220 <network_ready>:
DYNALIB_FN(4, system_net, network_ready, bool(network_handle_t, uint32_t, void*))
   b4220:	b508      	push	{r3, lr}
   b4222:	4b02      	ldr	r3, [pc, #8]	; (b422c <network_ready+0xc>)
   b4224:	681b      	ldr	r3, [r3, #0]
   b4226:	691b      	ldr	r3, [r3, #16]
   b4228:	9301      	str	r3, [sp, #4]
   b422a:	bd08      	pop	{r3, pc}
   b422c:	00030240 	.word	0x00030240

000b4230 <network_on>:
DYNALIB_FN(5, system_net, network_on, void(network_handle_t, uint32_t, uint32_t, void*))
   b4230:	b508      	push	{r3, lr}
   b4232:	4b02      	ldr	r3, [pc, #8]	; (b423c <network_on+0xc>)
   b4234:	681b      	ldr	r3, [r3, #0]
   b4236:	695b      	ldr	r3, [r3, #20]
   b4238:	9301      	str	r3, [sp, #4]
   b423a:	bd08      	pop	{r3, pc}
   b423c:	00030240 	.word	0x00030240

000b4240 <network_off>:
DYNALIB_FN(6, system_net, network_off, void(network_handle_t, uint32_t, uint32_t, void*))
   b4240:	b508      	push	{r3, lr}
   b4242:	4b02      	ldr	r3, [pc, #8]	; (b424c <network_off+0xc>)
   b4244:	681b      	ldr	r3, [r3, #0]
   b4246:	699b      	ldr	r3, [r3, #24]
   b4248:	9301      	str	r3, [sp, #4]
   b424a:	bd08      	pop	{r3, pc}
   b424c:	00030240 	.word	0x00030240

000b4250 <network_listen>:
DYNALIB_FN(7, system_net, network_listen, void(network_handle_t, uint32_t, void*))
   b4250:	b508      	push	{r3, lr}
   b4252:	4b02      	ldr	r3, [pc, #8]	; (b425c <network_listen+0xc>)
   b4254:	681b      	ldr	r3, [r3, #0]
   b4256:	69db      	ldr	r3, [r3, #28]
   b4258:	9301      	str	r3, [sp, #4]
   b425a:	bd08      	pop	{r3, pc}
   b425c:	00030240 	.word	0x00030240

000b4260 <network_listening>:
DYNALIB_FN(8, system_net, network_listening, bool(network_handle_t, uint32_t, void*))
   b4260:	b508      	push	{r3, lr}
   b4262:	4b02      	ldr	r3, [pc, #8]	; (b426c <network_listening+0xc>)
   b4264:	681b      	ldr	r3, [r3, #0]
   b4266:	6a1b      	ldr	r3, [r3, #32]
   b4268:	9301      	str	r3, [sp, #4]
   b426a:	bd08      	pop	{r3, pc}
   b426c:	00030240 	.word	0x00030240

000b4270 <network_set_listen_timeout>:
DYNALIB_FN(9, system_net, network_has_credentials, bool(network_handle_t, uint32_t, void*))
DYNALIB_FN(10, system_net, network_set_credentials, int(network_handle_t, uint32_t, NetworkCredentials*, void*))
DYNALIB_FN(11, system_net, network_clear_credentials, bool(network_handle_t, uint32_t, NetworkCredentials*, void*))
DYNALIB_FN(12, system_net, network_set_listen_timeout, void(network_handle_t, uint16_t, void*))
   b4270:	b508      	push	{r3, lr}
   b4272:	4b02      	ldr	r3, [pc, #8]	; (b427c <network_set_listen_timeout+0xc>)
   b4274:	681b      	ldr	r3, [r3, #0]
   b4276:	6b1b      	ldr	r3, [r3, #48]	; 0x30
   b4278:	9301      	str	r3, [sp, #4]
   b427a:	bd08      	pop	{r3, pc}
   b427c:	00030240 	.word	0x00030240

000b4280 <network_get_listen_timeout>:
DYNALIB_FN(13, system_net, network_get_listen_timeout, uint16_t(network_handle_t, uint32_t, void*))
   b4280:	b508      	push	{r3, lr}
   b4282:	4b02      	ldr	r3, [pc, #8]	; (b428c <network_get_listen_timeout+0xc>)
   b4284:	681b      	ldr	r3, [r3, #0]
   b4286:	6b5b      	ldr	r3, [r3, #52]	; 0x34
   b4288:	9301      	str	r3, [sp, #4]
   b428a:	bd08      	pop	{r3, pc}
   b428c:	00030240 	.word	0x00030240

000b4290 <network_is_on>:
DYNALIB_FN(14, system_net, network_set_hostname, int(network_handle_t, uint32_t, const char*, void*))
DYNALIB_FN(15, system_net, network_get_hostname, int(network_handle_t, uint32_t, char*, size_t, void*))
DYNALIB_FN(16, system_net, network_is_on, bool(network_handle_t, void*))
   b4290:	b508      	push	{r3, lr}
   b4292:	4b02      	ldr	r3, [pc, #8]	; (b429c <network_is_on+0xc>)
   b4294:	681b      	ldr	r3, [r3, #0]
   b4296:	6c1b      	ldr	r3, [r3, #64]	; 0x40
   b4298:	9301      	str	r3, [sp, #4]
   b429a:	bd08      	pop	{r3, pc}
   b429c:	00030240 	.word	0x00030240

000b42a0 <network_is_off>:
DYNALIB_FN(17, system_net, network_is_off, bool(network_handle_t, void*))
   b42a0:	b508      	push	{r3, lr}
   b42a2:	4b02      	ldr	r3, [pc, #8]	; (b42ac <network_is_off+0xc>)
   b42a4:	681b      	ldr	r3, [r3, #0]
   b42a6:	6c5b      	ldr	r3, [r3, #68]	; 0x44
   b42a8:	9301      	str	r3, [sp, #4]
   b42aa:	bd08      	pop	{r3, pc}
   b42ac:	00030240 	.word	0x00030240

000b42b0 <set_system_mode>:
#endif

DYNALIB_BEGIN(system)

DYNALIB_FN(0, system, system_mode, System_Mode_TypeDef(void))
DYNALIB_FN(1, system, set_system_mode, void(System_Mode_TypeDef))
   b42b0:	b508      	push	{r3, lr}
   b42b2:	4b02      	ldr	r3, [pc, #8]	; (b42bc <set_system_mode+0xc>)
   b42b4:	681b      	ldr	r3, [r3, #0]
   b42b6:	685b      	ldr	r3, [r3, #4]
   b42b8:	9301      	str	r3, [sp, #4]
   b42ba:	bd08      	pop	{r3, pc}
   b42bc:	00030220 	.word	0x00030220

000b42c0 <system_ctrl_set_app_request_handler>:
DYNALIB_FN(BASE_IDX + 6, system, led_pattern_period, uint16_t(int, int, void*))
DYNALIB_FN(BASE_IDX + 7, system, system_set_tester_handlers, int(system_tester_handlers_t*, void*))
DYNALIB_FN(BASE_IDX + 8, system, system_format_diag_data, int(const uint16_t*, size_t, unsigned, appender_fn, void*, void*))

// Control requests
DYNALIB_FN(BASE_IDX + 9, system, system_ctrl_set_app_request_handler, int(ctrl_request_handler_fn, void*))
   b42c0:	b508      	push	{r3, lr}
   b42c2:	4b03      	ldr	r3, [pc, #12]	; (b42d0 <system_ctrl_set_app_request_handler+0x10>)
   b42c4:	681b      	ldr	r3, [r3, #0]
   b42c6:	f8d3 3088 	ldr.w	r3, [r3, #136]	; 0x88
   b42ca:	9301      	str	r3, [sp, #4]
   b42cc:	bd08      	pop	{r3, pc}
   b42ce:	0000      	.short	0x0000
   b42d0:	00030220 	.word	0x00030220

000b42d4 <system_ctrl_set_result>:
DYNALIB_FN(BASE_IDX + 10, system, system_ctrl_alloc_reply_data, int(ctrl_request*, size_t, void*))
DYNALIB_FN(BASE_IDX + 11, system, system_ctrl_free_request_data, void(ctrl_request*, void*))
DYNALIB_FN(BASE_IDX + 12, system, system_ctrl_set_result, void(ctrl_request*, int, ctrl_completion_handler_fn, void*, void*))
   b42d4:	b508      	push	{r3, lr}
   b42d6:	4b03      	ldr	r3, [pc, #12]	; (b42e4 <system_ctrl_set_result+0x10>)
   b42d8:	681b      	ldr	r3, [r3, #0]
   b42da:	f8d3 3094 	ldr.w	r3, [r3, #148]	; 0x94
   b42de:	9301      	str	r3, [sp, #4]
   b42e0:	bd08      	pop	{r3, pc}
   b42e2:	0000      	.short	0x0000
   b42e4:	00030220 	.word	0x00030220

000b42e8 <malloc>:
#include "hal_platform.h"
#endif // defined(DYNALIB_EXPORT) || (defined(DYNALIB_IMPORT) && !defined(RT_DYNALIB_NO_DEPENDENCY_BREAKING_IMPORTS))

DYNALIB_BEGIN(rt)

DYNALIB_FN(0, rt, malloc, void*(size_t))
   b42e8:	b508      	push	{r3, lr}
   b42ea:	4b02      	ldr	r3, [pc, #8]	; (b42f4 <malloc+0xc>)
   b42ec:	681b      	ldr	r3, [r3, #0]
   b42ee:	681b      	ldr	r3, [r3, #0]
   b42f0:	9301      	str	r3, [sp, #4]
   b42f2:	bd08      	pop	{r3, pc}
   b42f4:	0003021c 	.word	0x0003021c

000b42f8 <free>:
DYNALIB_FN(1, rt, free, void(void*))
   b42f8:	b508      	push	{r3, lr}
   b42fa:	4b02      	ldr	r3, [pc, #8]	; (b4304 <free+0xc>)
   b42fc:	681b      	ldr	r3, [r3, #0]
   b42fe:	685b      	ldr	r3, [r3, #4]
   b4300:	9301      	str	r3, [sp, #4]
   b4302:	bd08      	pop	{r3, pc}
   b4304:	0003021c 	.word	0x0003021c

000b4308 <__assert_func>:
DYNALIB_FN(13, rt, _free_r, void(struct _reent*, void*))
DYNALIB_FN(14, rt, _realloc_r, void*(struct _reent*, void*, size_t))
DYNALIB_FN(15, rt, __errno, int*())

#if defined(DYNALIB_EXPORT) || (defined(DYNALIB_IMPORT) && !defined(RT_DYNALIB_NO_DEPENDENCY_BREAKING_IMPORTS))
DYNALIB_FN(16, rt, __assert_func, void(const char*, int, const char*, const char*))
   b4308:	b508      	push	{r3, lr}
   b430a:	4b02      	ldr	r3, [pc, #8]	; (b4314 <__assert_func+0xc>)
   b430c:	681b      	ldr	r3, [r3, #0]
   b430e:	6c1b      	ldr	r3, [r3, #64]	; 0x40
   b4310:	9301      	str	r3, [sp, #4]
   b4312:	bd08      	pop	{r3, pc}
   b4314:	0003021c 	.word	0x0003021c

000b4318 <newlib_impure_ptr_callback>:
DYNALIB_FN(17, rt, newlib_impure_ptr_callback, void(void (*)(struct _reent*, size_t, uint32_t, void*), void*))
   b4318:	b508      	push	{r3, lr}
   b431a:	4b02      	ldr	r3, [pc, #8]	; (b4324 <newlib_impure_ptr_callback+0xc>)
   b431c:	681b      	ldr	r3, [r3, #0]
   b431e:	6c5b      	ldr	r3, [r3, #68]	; 0x44
   b4320:	9301      	str	r3, [sp, #4]
   b4322:	bd08      	pop	{r3, pc}
   b4324:	0003021c 	.word	0x0003021c

000b4328 <_ZN5spark12NetworkClass7connectEj>:
        return Network;
    }
}

void NetworkClass::connect(unsigned flags) {
    network_connect(*this, flags, 0, nullptr);
   b4328:	2300      	movs	r3, #0
   b432a:	6840      	ldr	r0, [r0, #4]
   b432c:	461a      	mov	r2, r3
   b432e:	f7ff bf5f 	b.w	b41f0 <network_connect>

000b4332 <_ZN5spark12NetworkClass10disconnectEv>:
}

void NetworkClass::disconnect() {
    network_disconnect(*this, NETWORK_DISCONNECT_REASON_USER, nullptr);
   b4332:	6840      	ldr	r0, [r0, #4]
   b4334:	2200      	movs	r2, #0
   b4336:	2102      	movs	r1, #2
   b4338:	f7ff bf6a 	b.w	b4210 <network_disconnect>

000b433c <_ZN5spark12NetworkClass10connectingEv>:
}

bool NetworkClass::connecting() {
    return network_connecting(*this, 0, nullptr);
   b433c:	2200      	movs	r2, #0
   b433e:	6840      	ldr	r0, [r0, #4]
   b4340:	4611      	mov	r1, r2
   b4342:	f7ff bf5d 	b.w	b4200 <network_connecting>

000b4346 <_ZN5spark12NetworkClass5readyEv>:
}

bool NetworkClass::ready() {
    return network_ready(*this, 0, nullptr);
   b4346:	2200      	movs	r2, #0
   b4348:	6840      	ldr	r0, [r0, #4]
   b434a:	4611      	mov	r1, r2
   b434c:	f7ff bf68 	b.w	b4220 <network_ready>

000b4350 <_ZN5spark12NetworkClass2onEv>:
}

void NetworkClass::on() {
    network_on(*this, 0, 0, nullptr);
   b4350:	2300      	movs	r3, #0
   b4352:	6840      	ldr	r0, [r0, #4]
   b4354:	461a      	mov	r2, r3
   b4356:	4619      	mov	r1, r3
   b4358:	f7ff bf6a 	b.w	b4230 <network_on>

000b435c <_ZN5spark12NetworkClass3offEv>:
}

void NetworkClass::off() {
    network_off(*this, 0, 0, nullptr);
   b435c:	2300      	movs	r3, #0
   b435e:	6840      	ldr	r0, [r0, #4]
   b4360:	461a      	mov	r2, r3
   b4362:	4619      	mov	r1, r3
   b4364:	f7ff bf6c 	b.w	b4240 <network_off>

000b4368 <_ZN5spark12NetworkClass4isOnEv>:
}

bool NetworkClass::isOn() {
    return network_is_on(*this, nullptr);
   b4368:	6840      	ldr	r0, [r0, #4]
   b436a:	2100      	movs	r1, #0
   b436c:	f7ff bf90 	b.w	b4290 <network_is_on>

000b4370 <_ZN5spark12NetworkClass5isOffEv>:
}

bool NetworkClass::isOff() {
    return network_is_off(*this, nullptr);
   b4370:	6840      	ldr	r0, [r0, #4]
   b4372:	2100      	movs	r1, #0
   b4374:	f7ff bf94 	b.w	b42a0 <network_is_off>

000b4378 <_ZN5spark12NetworkClass6listenEb>:
}

void NetworkClass::listen(bool begin) {
    network_listen(*this, begin ? 0 : 1, nullptr);
   b4378:	6840      	ldr	r0, [r0, #4]
   b437a:	2200      	movs	r2, #0
   b437c:	f081 0101 	eor.w	r1, r1, #1
   b4380:	f7ff bf66 	b.w	b4250 <network_listen>

000b4384 <_ZN5spark12NetworkClass16setListenTimeoutEt>:
}

void NetworkClass::setListenTimeout(uint16_t timeout) {
    network_set_listen_timeout(*this, timeout, nullptr);
   b4384:	6840      	ldr	r0, [r0, #4]
   b4386:	2200      	movs	r2, #0
   b4388:	f7ff bf72 	b.w	b4270 <network_set_listen_timeout>

000b438c <_ZN5spark12NetworkClass16getListenTimeoutEv>:
}

uint16_t NetworkClass::getListenTimeout() {
    return network_get_listen_timeout(*this, 0, nullptr);
   b438c:	2200      	movs	r2, #0
   b438e:	6840      	ldr	r0, [r0, #4]
   b4390:	4611      	mov	r1, r2
   b4392:	f7ff bf75 	b.w	b4280 <network_get_listen_timeout>

000b4396 <_ZN5spark12NetworkClass9listeningEv>:
}

bool NetworkClass::listening() {
    return network_listening(*this, 0, nullptr);
   b4396:	2200      	movs	r2, #0
   b4398:	6840      	ldr	r0, [r0, #4]
   b439a:	4611      	mov	r1, r2
   b439c:	f7ff bf60 	b.w	b4260 <network_listening>

000b43a0 <_ZN5spark12NetworkClass7resolveEPKc>:
}

IPAddress NetworkClass::resolve(const char* name) {
   b43a0:	e92d 43f0 	stmdb	sp!, {r4, r5, r6, r7, r8, r9, lr}
   b43a4:	b095      	sub	sp, #84	; 0x54
   b43a6:	4614      	mov	r4, r2
   b43a8:	460d      	mov	r5, r1
   b43aa:	4607      	mov	r7, r0
    IPAddress addr;
   b43ac:	f000 f966 	bl	b467c <_ZN9IPAddressC1Ev>
#if HAL_USE_INET_HAL_POSIX
    struct addrinfo *ai = nullptr;
   b43b0:	2100      	movs	r1, #0
    struct addrinfo hints = {};
   b43b2:	221c      	movs	r2, #28
   b43b4:	a80d      	add	r0, sp, #52	; 0x34
    struct addrinfo *ai = nullptr;
   b43b6:	9100      	str	r1, [sp, #0]
    struct addrinfo hints = {};
   b43b8:	f000 fb9c 	bl	b4af4 <memset>
    hints.ai_flags = AI_ADDRCONFIG;
   b43bc:	2340      	movs	r3, #64	; 0x40
   b43be:	930c      	str	r3, [sp, #48]	; 0x30
    hints.ai_family = AF_UNSPEC;
    const int r = getaddrinfo(name, nullptr, &hints, &ai);
   b43c0:	4620      	mov	r0, r4
   b43c2:	466b      	mov	r3, sp
   b43c4:	aa0c      	add	r2, sp, #48	; 0x30
   b43c6:	2100      	movs	r1, #0
   b43c8:	f7ff ff02 	bl	b41d0 <netdb_getaddrinfo>
    if (!r) {
   b43cc:	4604      	mov	r4, r0
   b43ce:	2800      	cmp	r0, #0
   b43d0:	d14b      	bne.n	b446a <_ZN5spark12NetworkClass7resolveEPKc+0xca>
        bool ok = false;
        // This is not really needed if AI_ADDRCONFIG is properly supported
        bool ipv4 = network_ready(*this, NETWORK_READY_TYPE_IPV4, nullptr);
   b43d2:	4602      	mov	r2, r0
   b43d4:	2101      	movs	r1, #1
   b43d6:	6868      	ldr	r0, [r5, #4]
   b43d8:	f7ff ff22 	bl	b4220 <network_ready>
        bool ipv6 = network_ready(*this, NETWORK_READY_TYPE_IPV6, nullptr);
   b43dc:	2102      	movs	r1, #2
        bool ipv4 = network_ready(*this, NETWORK_READY_TYPE_IPV4, nullptr);
   b43de:	4680      	mov	r8, r0
        bool ipv6 = network_ready(*this, NETWORK_READY_TYPE_IPV6, nullptr);
   b43e0:	4622      	mov	r2, r4
   b43e2:	6868      	ldr	r0, [r5, #4]
   b43e4:	f7ff ff1c 	bl	b4220 <network_ready>
        for (auto cur = ai; cur != nullptr && !ok; cur = cur->ai_next) {
   b43e8:	9e00      	ldr	r6, [sp, #0]
        bool ipv6 = network_ready(*this, NETWORK_READY_TYPE_IPV6, nullptr);
   b43ea:	4681      	mov	r9, r0
        bool ok = false;
   b43ec:	4621      	mov	r1, r4
        for (auto cur = ai; cur != nullptr && !ok; cur = cur->ai_next) {
   b43ee:	2e00      	cmp	r6, #0
   b43f0:	d03b      	beq.n	b446a <_ZN5spark12NetworkClass7resolveEPKc+0xca>
   b43f2:	2900      	cmp	r1, #0
   b43f4:	d139      	bne.n	b446a <_ZN5spark12NetworkClass7resolveEPKc+0xca>
            // NOTE: using only the first entry that matches the current state of IPv4/IPv6 connectivity
            switch (cur->ai_family) {
   b43f6:	6873      	ldr	r3, [r6, #4]
   b43f8:	2b02      	cmp	r3, #2
   b43fa:	d003      	beq.n	b4404 <_ZN5spark12NetworkClass7resolveEPKc+0x64>
   b43fc:	2b0a      	cmp	r3, #10
   b43fe:	d011      	beq.n	b4424 <_ZN5spark12NetworkClass7resolveEPKc+0x84>
        for (auto cur = ai; cur != nullptr && !ok; cur = cur->ai_next) {
   b4400:	69f6      	ldr	r6, [r6, #28]
   b4402:	e7f4      	b.n	b43ee <_ZN5spark12NetworkClass7resolveEPKc+0x4e>
                case AF_INET: {
                    if (!ipv4) {
   b4404:	f1b8 0f00 	cmp.w	r8, #0
   b4408:	d0fa      	beq.n	b4400 <_ZN5spark12NetworkClass7resolveEPKc+0x60>
                        continue;
                    }
                    // NOTE: HAL_IPAddress is little-endian
                    auto in = (struct sockaddr_in*)cur->ai_addr;
                    addr = (const uint8_t*)(&in->sin_addr.s_addr);
   b440a:	6971      	ldr	r1, [r6, #20]


    // Overloaded copy operators to allow initialisation of IPAddress objects from other types
    template<typename T>
    IPAddress& operator=(T address) {
        return *this = IPAddress(address);
   b440c:	a806      	add	r0, sp, #24
   b440e:	3104      	adds	r1, #4
class IPAddress : public Printable {
   b4410:	ad07      	add	r5, sp, #28
        return *this = IPAddress(address);
   b4412:	f000 f961 	bl	b46d8 <_ZN9IPAddressC1EPKh>
class IPAddress : public Printable {
   b4416:	cd0f      	ldmia	r5!, {r0, r1, r2, r3}
   b4418:	1d3c      	adds	r4, r7, #4
   b441a:	c40f      	stmia	r4!, {r0, r1, r2, r3}
   b441c:	682b      	ldr	r3, [r5, #0]
   b441e:	7023      	strb	r3, [r4, #0]
                    ok = true;
   b4420:	4641      	mov	r1, r8
        return *this = IPAddress(address);
   b4422:	e7ed      	b.n	b4400 <_ZN5spark12NetworkClass7resolveEPKc+0x60>
                    break;
                }
                case AF_INET6: {
                    if (!ipv6) {
   b4424:	f1b9 0f00 	cmp.w	r9, #0
   b4428:	d0ea      	beq.n	b4400 <_ZN5spark12NetworkClass7resolveEPKc+0x60>
                        continue;
                    }
                    auto in6 = (struct sockaddr_in6*)cur->ai_addr;
   b442a:	6974      	ldr	r4, [r6, #20]
                    HAL_IPAddress a = {};
   b442c:	2210      	movs	r2, #16
   b442e:	a801      	add	r0, sp, #4
   b4430:	f000 fb60 	bl	b4af4 <memset>
                    a.v = 6;
   b4434:	2306      	movs	r3, #6
   b4436:	f88d 3014 	strb.w	r3, [sp, #20]
                    memcpy(a.ipv6, in6->sin6_addr.s6_addr, sizeof(a.ipv6));
   b443a:	ad01      	add	r5, sp, #4
   b443c:	f104 0308 	add.w	r3, r4, #8
   b4440:	3418      	adds	r4, #24
   b4442:	6818      	ldr	r0, [r3, #0]
   b4444:	6859      	ldr	r1, [r3, #4]
   b4446:	462a      	mov	r2, r5
   b4448:	c203      	stmia	r2!, {r0, r1}
   b444a:	3308      	adds	r3, #8
   b444c:	42a3      	cmp	r3, r4
   b444e:	4615      	mov	r5, r2
   b4450:	d1f7      	bne.n	b4442 <_ZN5spark12NetworkClass7resolveEPKc+0xa2>
                    addr = IPAddress(a);
   b4452:	a901      	add	r1, sp, #4
   b4454:	a806      	add	r0, sp, #24
class IPAddress : public Printable {
   b4456:	ad07      	add	r5, sp, #28
   b4458:	f000 f91e 	bl	b4698 <_ZN9IPAddressC1ERK16_HAL_IPAddress_t>
   b445c:	cd0f      	ldmia	r5!, {r0, r1, r2, r3}
   b445e:	1d3c      	adds	r4, r7, #4
   b4460:	c40f      	stmia	r4!, {r0, r1, r2, r3}
   b4462:	682b      	ldr	r3, [r5, #0]
   b4464:	7023      	strb	r3, [r4, #0]
                    ok = true;
   b4466:	4649      	mov	r1, r9
   b4468:	e7ca      	b.n	b4400 <_ZN5spark12NetworkClass7resolveEPKc+0x60>
                    break;
                }
            }
        }
    }
    freeaddrinfo(ai);
   b446a:	9800      	ldr	r0, [sp, #0]
   b446c:	f7ff fea8 	bl	b41c0 <netdb_freeaddrinfo>
    return Cellular.resolve(name);
#endif // Wiring_Cellular

#endif // HAL_USE_INET_HAL_POSIX
    return addr;
}
   b4470:	4638      	mov	r0, r7
   b4472:	b015      	add	sp, #84	; 0x54
   b4474:	e8bd 83f0 	ldmia.w	sp!, {r4, r5, r6, r7, r8, r9, pc}

000b4478 <_GLOBAL__sub_I__ZN5spark7NetworkE>:
    static NetworkClass& from(network_interface_t nif);

    virtual IPAddress resolve(const char* name);

    explicit NetworkClass(network_interface_t iface)
            : iface_(iface) {
   b4478:	4b02      	ldr	r3, [pc, #8]	; (b4484 <_GLOBAL__sub_I__ZN5spark7NetworkE+0xc>)
   b447a:	4a03      	ldr	r2, [pc, #12]	; (b4488 <_GLOBAL__sub_I__ZN5spark7NetworkE+0x10>)
   b447c:	601a      	str	r2, [r3, #0]
   b447e:	2200      	movs	r2, #0
   b4480:	605a      	str	r2, [r3, #4]

} // spark
   b4482:	4770      	bx	lr
   b4484:	2003e6dc 	.word	0x2003e6dc
   b4488:	000b4c58 	.word	0x000b4c58

000b448c <_ZN5spark9WiFiClass5readyEv>:
    bool connecting(void) {
        return network_connecting(*this, 0, NULL);
    }

    bool ready(void) {
        return network_ready(*this, 0, NULL);
   b448c:	2200      	movs	r2, #0
   b448e:	6840      	ldr	r0, [r0, #4]
   b4490:	4611      	mov	r1, r2
   b4492:	f7ff bec5 	b.w	b4220 <network_ready>

000b4496 <_ZN5spark9WiFiClass9listeningEv>:
    uint16_t getListenTimeout(void) {
        return network_get_listen_timeout(*this, 0, NULL);
    }

    bool listening(void) {
        return network_listening(*this, 0, NULL);
   b4496:	2200      	movs	r2, #0
   b4498:	6840      	ldr	r0, [r0, #4]
   b449a:	4611      	mov	r1, r2
   b449c:	f7ff bee0 	b.w	b4260 <network_listening>

000b44a0 <_ZN5spark9WiFiClass16getListenTimeoutEv>:
        return network_get_listen_timeout(*this, 0, NULL);
   b44a0:	2200      	movs	r2, #0
   b44a2:	6840      	ldr	r0, [r0, #4]
   b44a4:	4611      	mov	r1, r2
   b44a6:	f7ff beeb 	b.w	b4280 <network_get_listen_timeout>

000b44aa <_ZN5spark9WiFiClass16setListenTimeoutEt>:
        network_set_listen_timeout(*this, timeout, NULL);
   b44aa:	6840      	ldr	r0, [r0, #4]
   b44ac:	2200      	movs	r2, #0
   b44ae:	f7ff bedf 	b.w	b4270 <network_set_listen_timeout>

000b44b2 <_ZN5spark9WiFiClass6listenEb>:
        network_listen(*this, begin ? 0 : 1, NULL);
   b44b2:	6840      	ldr	r0, [r0, #4]
   b44b4:	2200      	movs	r2, #0
   b44b6:	f081 0101 	eor.w	r1, r1, #1
   b44ba:	f7ff bec9 	b.w	b4250 <network_listen>

000b44be <_ZN5spark9WiFiClass3offEv>:
        network_off(*this, 0, 0, NULL);
   b44be:	2300      	movs	r3, #0
   b44c0:	6840      	ldr	r0, [r0, #4]
   b44c2:	461a      	mov	r2, r3
   b44c4:	4619      	mov	r1, r3
   b44c6:	f7ff bebb 	b.w	b4240 <network_off>

000b44ca <_ZN5spark9WiFiClass2onEv>:
        network_on(*this, 0, 0, NULL);
   b44ca:	2300      	movs	r3, #0
   b44cc:	6840      	ldr	r0, [r0, #4]
   b44ce:	461a      	mov	r2, r3
   b44d0:	4619      	mov	r1, r3
   b44d2:	f7ff bead 	b.w	b4230 <network_on>

000b44d6 <_ZN5spark9WiFiClass10connectingEv>:
        return network_connecting(*this, 0, NULL);
   b44d6:	2200      	movs	r2, #0
   b44d8:	6840      	ldr	r0, [r0, #4]
   b44da:	4611      	mov	r1, r2
   b44dc:	f7ff be90 	b.w	b4200 <network_connecting>

000b44e0 <_ZN5spark9WiFiClass10disconnectEv>:
        network_disconnect(*this, NETWORK_DISCONNECT_REASON_USER, NULL);
   b44e0:	6840      	ldr	r0, [r0, #4]
   b44e2:	2200      	movs	r2, #0
   b44e4:	2102      	movs	r1, #2
   b44e6:	f7ff be93 	b.w	b4210 <network_disconnect>

000b44ea <_ZN5spark9WiFiClass7connectEj>:
        network_connect(*this, flags, 0, NULL);
   b44ea:	2300      	movs	r3, #0
   b44ec:	6840      	ldr	r0, [r0, #4]
   b44ee:	461a      	mov	r2, r3
   b44f0:	f7ff be7e 	b.w	b41f0 <network_connect>

000b44f4 <_GLOBAL__sub_I__ZN10WiFiSignalC2ERK21wlan_connected_info_t>:
   b44f4:	4b02      	ldr	r3, [pc, #8]	; (b4500 <_GLOBAL__sub_I__ZN10WiFiSignalC2ERK21wlan_connected_info_t+0xc>)
   b44f6:	2204      	movs	r2, #4
   b44f8:	605a      	str	r2, [r3, #4]
            NetworkClass(NETWORK_INTERFACE_WIFI_STA) {
   b44fa:	4a02      	ldr	r2, [pc, #8]	; (b4504 <_GLOBAL__sub_I__ZN10WiFiSignalC2ERK21wlan_connected_info_t+0x10>)
   b44fc:	601a      	str	r2, [r3, #0]
the same way.
*****************************************************************************/

    WiFiClass WiFi;
    // NetworkClass& Network = WiFi;
}
   b44fe:	4770      	bx	lr
   b4500:	2003e6e4 	.word	0x2003e6e4
   b4504:	000b4c94 	.word	0x000b4c94

000b4508 <_ZN9USBSerial14blockOnOverrunEb>:
  HAL_USB_USART_Flush_Data(_serial);
}

void USBSerial::blockOnOverrun(bool block)
{
  _blocking = block;
   b4508:	7441      	strb	r1, [r0, #17]
}
   b450a:	4770      	bx	lr

000b450c <__tcf_0>:
}

USBSerial& _fetch_usbserial()
{
  HAL_USB_USART_Config conf = acquireSerialBuffer();
	static USBSerial _usbserial(HAL_USB_USART_SERIAL, conf);
   b450c:	4770      	bx	lr

000b450e <_ZN9USBSerialD1Ev>:
#include "usb_hal.h"
#include "system_task.h"
#include "spark_wiring_startup.h"
#include "concurrent_hal.h"

class USBSerial : public Stream
   b450e:	4770      	bx	lr

000b4510 <_ZN9USBSerial4readEv>:
{
   b4510:	b508      	push	{r3, lr}
	return std::max(-1, (int)HAL_USB_USART_Receive_Data(_serial, false));
   b4512:	2100      	movs	r1, #0
   b4514:	7c00      	ldrb	r0, [r0, #16]
   b4516:	f7ff fde3 	bl	b40e0 <HAL_USB_USART_Receive_Data>
}
   b451a:	ea40 70e0 	orr.w	r0, r0, r0, asr #31
   b451e:	bd08      	pop	{r3, pc}

000b4520 <_ZN9USBSerial4peekEv>:
{
   b4520:	b508      	push	{r3, lr}
	return std::max(-1, (int)HAL_USB_USART_Receive_Data(_serial, true));
   b4522:	2101      	movs	r1, #1
   b4524:	7c00      	ldrb	r0, [r0, #16]
   b4526:	f7ff fddb 	bl	b40e0 <HAL_USB_USART_Receive_Data>
}
   b452a:	ea40 70e0 	orr.w	r0, r0, r0, asr #31
   b452e:	bd08      	pop	{r3, pc}

000b4530 <_ZN9USBSerial17availableForWriteEv>:
{
   b4530:	b508      	push	{r3, lr}
  return std::max(0, (int)HAL_USB_USART_Available_Data_For_Write(_serial));
   b4532:	7c00      	ldrb	r0, [r0, #16]
   b4534:	f7ff fdcc 	bl	b40d0 <HAL_USB_USART_Available_Data_For_Write>
}
   b4538:	ea20 70e0 	bic.w	r0, r0, r0, asr #31
   b453c:	bd08      	pop	{r3, pc}

000b453e <_ZN9USBSerial9availableEv>:
{
   b453e:	b508      	push	{r3, lr}
	return std::max(0, (int)HAL_USB_USART_Available_Data(_serial));
   b4540:	7c00      	ldrb	r0, [r0, #16]
   b4542:	f7ff fdbd 	bl	b40c0 <HAL_USB_USART_Available_Data>
}
   b4546:	ea20 70e0 	bic.w	r0, r0, r0, asr #31
   b454a:	bd08      	pop	{r3, pc}

000b454c <_ZN9USBSerial5writeEh>:
{
   b454c:	b513      	push	{r0, r1, r4, lr}
   b454e:	4604      	mov	r4, r0
  if (HAL_USB_USART_Available_Data_For_Write(_serial) > 0 || _blocking) {
   b4550:	7c00      	ldrb	r0, [r0, #16]
{
   b4552:	9101      	str	r1, [sp, #4]
  if (HAL_USB_USART_Available_Data_For_Write(_serial) > 0 || _blocking) {
   b4554:	f7ff fdbc 	bl	b40d0 <HAL_USB_USART_Available_Data_For_Write>
   b4558:	2800      	cmp	r0, #0
   b455a:	9901      	ldr	r1, [sp, #4]
   b455c:	dc01      	bgt.n	b4562 <_ZN9USBSerial5writeEh+0x16>
   b455e:	7c60      	ldrb	r0, [r4, #17]
   b4560:	b120      	cbz	r0, b456c <_ZN9USBSerial5writeEh+0x20>
    return std::max(0, (int)HAL_USB_USART_Send_Data(_serial, byte));
   b4562:	7c20      	ldrb	r0, [r4, #16]
   b4564:	f7ff fdc4 	bl	b40f0 <HAL_USB_USART_Send_Data>
   b4568:	ea20 70e0 	bic.w	r0, r0, r0, asr #31
}
   b456c:	b002      	add	sp, #8
   b456e:	bd10      	pop	{r4, pc}

000b4570 <_ZN9USBSerial5flushEv>:
  HAL_USB_USART_Flush_Data(_serial);
   b4570:	7c00      	ldrb	r0, [r0, #16]
   b4572:	f7ff bdc5 	b.w	b4100 <HAL_USB_USART_Flush_Data>

000b4576 <_ZN9USBSerialD0Ev>:
   b4576:	b510      	push	{r4, lr}
   b4578:	2114      	movs	r1, #20
   b457a:	4604      	mov	r4, r0
   b457c:	f7ff fd8b 	bl	b4096 <_ZdlPvj>
   b4580:	4620      	mov	r0, r4
   b4582:	bd10      	pop	{r4, pc}

000b4584 <_ZN9USBSerialC1E20HAL_USB_USART_SerialRK20HAL_USB_USART_Config>:
USBSerial::USBSerial(HAL_USB_USART_Serial serial, const HAL_USB_USART_Config& conf)
   b4584:	b510      	push	{r4, lr}
    virtual int available() = 0;
    virtual int read() = 0;
    virtual int peek() = 0;
    virtual void flush() = 0;

    Stream() {_timeout=1000;}
   b4586:	f44f 737a 	mov.w	r3, #1000	; 0x3e8
   b458a:	4604      	mov	r4, r0
   b458c:	4608      	mov	r0, r1
   b458e:	2100      	movs	r1, #0
   b4590:	e9c4 1301 	strd	r1, r3, [r4, #4]
   b4594:	4b04      	ldr	r3, [pc, #16]	; (b45a8 <_ZN9USBSerialC1E20HAL_USB_USART_SerialRK20HAL_USB_USART_Config+0x24>)
   b4596:	6023      	str	r3, [r4, #0]
  _blocking = true;
   b4598:	2301      	movs	r3, #1
  _serial = serial;
   b459a:	7420      	strb	r0, [r4, #16]
  _blocking = true;
   b459c:	7463      	strb	r3, [r4, #17]
  HAL_USB_USART_Init(_serial, &conf);
   b459e:	4611      	mov	r1, r2
   b45a0:	f7ff fd86 	bl	b40b0 <HAL_USB_USART_Init>
}
   b45a4:	4620      	mov	r0, r4
   b45a6:	bd10      	pop	{r4, pc}
   b45a8:	000b4cd0 	.word	0x000b4cd0

000b45ac <_Z19acquireSerialBufferv>:
{
   b45ac:	b510      	push	{r4, lr}
  HAL_USB_USART_Config conf = {};
   b45ae:	2214      	movs	r2, #20
{
   b45b0:	4604      	mov	r4, r0
  HAL_USB_USART_Config conf = {};
   b45b2:	2100      	movs	r1, #0
   b45b4:	f000 fa9e 	bl	b4af4 <memset>
}
   b45b8:	4620      	mov	r0, r4
   b45ba:	bd10      	pop	{r4, pc}

000b45bc <_Z16_fetch_usbserialv>:
{
   b45bc:	b510      	push	{r4, lr}
	static USBSerial _usbserial(HAL_USB_USART_SERIAL, conf);
   b45be:	4c0f      	ldr	r4, [pc, #60]	; (b45fc <_Z16_fetch_usbserialv+0x40>)
{
   b45c0:	b088      	sub	sp, #32
  HAL_USB_USART_Config conf = acquireSerialBuffer();
   b45c2:	a803      	add	r0, sp, #12
   b45c4:	f7ff fff2 	bl	b45ac <_Z19acquireSerialBufferv>
	static USBSerial _usbserial(HAL_USB_USART_SERIAL, conf);
   b45c8:	7821      	ldrb	r1, [r4, #0]
   b45ca:	f3bf 8f5b 	dmb	ish
   b45ce:	f011 0101 	ands.w	r1, r1, #1
   b45d2:	d10f      	bne.n	b45f4 <_Z16_fetch_usbserialv+0x38>
   b45d4:	4620      	mov	r0, r4
   b45d6:	9101      	str	r1, [sp, #4]
   b45d8:	f7ff fd5f 	bl	b409a <__cxa_guard_acquire>
   b45dc:	9901      	ldr	r1, [sp, #4]
   b45de:	b148      	cbz	r0, b45f4 <_Z16_fetch_usbserialv+0x38>
   b45e0:	aa03      	add	r2, sp, #12
   b45e2:	4807      	ldr	r0, [pc, #28]	; (b4600 <_Z16_fetch_usbserialv+0x44>)
   b45e4:	f7ff ffce 	bl	b4584 <_ZN9USBSerialC1E20HAL_USB_USART_SerialRK20HAL_USB_USART_Config>
   b45e8:	4620      	mov	r0, r4
   b45ea:	f7ff fd5b 	bl	b40a4 <__cxa_guard_release>
   b45ee:	4805      	ldr	r0, [pc, #20]	; (b4604 <_Z16_fetch_usbserialv+0x48>)
   b45f0:	f000 fa6c 	bl	b4acc <atexit>
	return _usbserial;
}
   b45f4:	4802      	ldr	r0, [pc, #8]	; (b4600 <_Z16_fetch_usbserialv+0x44>)
   b45f6:	b008      	add	sp, #32
   b45f8:	bd10      	pop	{r4, pc}
   b45fa:	bf00      	nop
   b45fc:	2003e6ec 	.word	0x2003e6ec
   b4600:	2003e6f0 	.word	0x2003e6f0
   b4604:	000b450d 	.word	0x000b450d

000b4608 <_ZN9IPAddressD1Ev>:
    virtual ~IPAddress() {}
   b4608:	4770      	bx	lr

000b460a <_ZN9IPAddressD0Ev>:
   b460a:	b510      	push	{r4, lr}
   b460c:	2118      	movs	r1, #24
   b460e:	4604      	mov	r4, r0
   b4610:	f7ff fd41 	bl	b4096 <_ZdlPvj>
   b4614:	4620      	mov	r0, r4
   b4616:	bd10      	pop	{r4, pc}

000b4618 <_ZNK9IPAddress7printToER5Print>:
#endif // Wiring_IPv6
	return address.ipv4==that.address.ipv4;
}

size_t IPAddress::printTo(Print& p) const
{
   b4618:	b5f0      	push	{r4, r5, r6, r7, lr}
#if Wiring_IPv6
#if HAL_USE_INET_HAL_POSIX
	if (address.v==6) {
   b461a:	7d03      	ldrb	r3, [r0, #20]
   b461c:	2b06      	cmp	r3, #6
{
   b461e:	b08d      	sub	sp, #52	; 0x34
   b4620:	460e      	mov	r6, r1
		char buf[INET6_ADDRSTRLEN+1];
		buf[0] = 0;
		inet_inet_ntop(AF_INET6, address.ipv6, buf, sizeof(buf));
   b4622:	f100 0704 	add.w	r7, r0, #4
   b4626:	f04f 0400 	mov.w	r4, #0
	if (address.v==6) {
   b462a:	d012      	beq.n	b4652 <_ZNK9IPAddress7printToER5Print+0x3a>
   b462c:	f100 0508 	add.w	r5, r0, #8
            val = n;
        }
#if __GNUC__ >= 9
#pragma GCC diagnostic pop
#endif // __GNUC__ >= 9
        return printNumber(val, base) + t;
   b4630:	f815 1d01 	ldrb.w	r1, [r5, #-1]!
   b4634:	220a      	movs	r2, #10
   b4636:	4630      	mov	r0, r6
   b4638:	f000 f93d 	bl	b48b6 <_ZN5Print11printNumberEmh>
#else
#pragma message "HAL_USE_INET_HAL_POSIX is required for IPv6 support in IPAddress::printTo()"
#endif // HAL_USE_INET_HAL_POSIX
#endif // Wiring_IPv6
    size_t n = 0;
    for (int i = 0; i < 4; i++)
   b463c:	42af      	cmp	r7, r5
    {
        if (n)
            n += p.print('.');
        n += p.print((*this)[i], DEC);
   b463e:	4404      	add	r4, r0
    for (int i = 0; i < 4; i++)
   b4640:	d019      	beq.n	b4676 <_ZNK9IPAddress7printToER5Print+0x5e>
        if (n)
   b4642:	2c00      	cmp	r4, #0
   b4644:	d0f4      	beq.n	b4630 <_ZNK9IPAddress7printToER5Print+0x18>
            n += p.print('.');
   b4646:	212e      	movs	r1, #46	; 0x2e
   b4648:	4630      	mov	r0, r6
   b464a:	f000 f931 	bl	b48b0 <_ZN5Print5printEc>
   b464e:	4404      	add	r4, r0
   b4650:	e7ee      	b.n	b4630 <_ZNK9IPAddress7printToER5Print+0x18>
		inet_inet_ntop(AF_INET6, address.ipv6, buf, sizeof(buf));
   b4652:	232f      	movs	r3, #47	; 0x2f
   b4654:	466a      	mov	r2, sp
   b4656:	4639      	mov	r1, r7
   b4658:	200a      	movs	r0, #10
		buf[0] = 0;
   b465a:	f88d 4000 	strb.w	r4, [sp]
		inet_inet_ntop(AF_INET6, address.ipv6, buf, sizeof(buf));
   b465e:	f7ff fd8f 	bl	b4180 <inet_inet_ntop>
      return write((const uint8_t *)str, strlen(str));
   b4662:	4668      	mov	r0, sp
   b4664:	f000 fa7c 	bl	b4b60 <strlen>
   b4668:	6833      	ldr	r3, [r6, #0]
   b466a:	4602      	mov	r2, r0
   b466c:	68db      	ldr	r3, [r3, #12]
   b466e:	4669      	mov	r1, sp
   b4670:	4630      	mov	r0, r6
   b4672:	4798      	blx	r3
   b4674:	4604      	mov	r4, r0
    }
    return n;
}
   b4676:	4620      	mov	r0, r4
   b4678:	b00d      	add	sp, #52	; 0x34
   b467a:	bdf0      	pop	{r4, r5, r6, r7, pc}

000b467c <_ZN9IPAddressC1Ev>:
IPAddress::IPAddress()
   b467c:	b510      	push	{r4, lr}
   b467e:	4b05      	ldr	r3, [pc, #20]	; (b4694 <_ZN9IPAddressC1Ev+0x18>)
   b4680:	4604      	mov	r4, r0
        return address;
    }

    virtual size_t printTo(Print& p) const;

    void clear() { memset(&address, 0, sizeof (address)); }
   b4682:	2211      	movs	r2, #17
   b4684:	f840 3b04 	str.w	r3, [r0], #4
   b4688:	2100      	movs	r1, #0
   b468a:	f000 fa33 	bl	b4af4 <memset>
}
   b468e:	4620      	mov	r0, r4
   b4690:	bd10      	pop	{r4, pc}
   b4692:	bf00      	nop
   b4694:	000b4d00 	.word	0x000b4d00

000b4698 <_ZN9IPAddressC1ERK16_HAL_IPAddress_t>:
IPAddress::IPAddress(const HAL_IPAddress& address)
   b4698:	4603      	mov	r3, r0
   b469a:	4a07      	ldr	r2, [pc, #28]	; (b46b8 <_ZN9IPAddressC1ERK16_HAL_IPAddress_t+0x20>)
   b469c:	b510      	push	{r4, lr}
   b469e:	f843 2b04 	str.w	r2, [r3], #4
    memcpy(&this->address, &address, sizeof(address));
   b46a2:	f101 0210 	add.w	r2, r1, #16
   b46a6:	f851 4b04 	ldr.w	r4, [r1], #4
   b46aa:	f843 4b04 	str.w	r4, [r3], #4
   b46ae:	4291      	cmp	r1, r2
   b46b0:	d1f9      	bne.n	b46a6 <_ZN9IPAddressC1ERK16_HAL_IPAddress_t+0xe>
   b46b2:	780a      	ldrb	r2, [r1, #0]
   b46b4:	701a      	strb	r2, [r3, #0]
}
   b46b6:	bd10      	pop	{r4, pc}
   b46b8:	000b4d00 	.word	0x000b4d00

000b46bc <_ZN9IPAddress8set_ipv4Ehhhh>:
{
   b46bc:	b510      	push	{r4, lr}
    address.ipv4 = b0<<24 | b1 << 16 | b2 << 8 | b3;
   b46be:	f89d 4008 	ldrb.w	r4, [sp, #8]
   b46c2:	ea44 2303 	orr.w	r3, r4, r3, lsl #8
   b46c6:	ea43 4202 	orr.w	r2, r3, r2, lsl #16
   b46ca:	ea42 6101 	orr.w	r1, r2, r1, lsl #24
        address.v = version;
   b46ce:	2304      	movs	r3, #4
   b46d0:	6041      	str	r1, [r0, #4]
   b46d2:	7503      	strb	r3, [r0, #20]
}
   b46d4:	bd10      	pop	{r4, pc}
	...

000b46d8 <_ZN9IPAddressC1EPKh>:
IPAddress::IPAddress(const uint8_t* addr)
   b46d8:	b507      	push	{r0, r1, r2, lr}
   b46da:	4b06      	ldr	r3, [pc, #24]	; (b46f4 <_ZN9IPAddressC1EPKh+0x1c>)
   b46dc:	6003      	str	r3, [r0, #0]
    set_ipv4(addr[0], addr[1], addr[2], addr[3]);
   b46de:	78cb      	ldrb	r3, [r1, #3]
   b46e0:	9300      	str	r3, [sp, #0]
   b46e2:	788b      	ldrb	r3, [r1, #2]
   b46e4:	784a      	ldrb	r2, [r1, #1]
   b46e6:	7809      	ldrb	r1, [r1, #0]
   b46e8:	f7ff ffe8 	bl	b46bc <_ZN9IPAddress8set_ipv4Ehhhh>
}
   b46ec:	b003      	add	sp, #12
   b46ee:	f85d fb04 	ldr.w	pc, [sp], #4
   b46f2:	bf00      	nop
   b46f4:	000b4d00 	.word	0x000b4d00

000b46f8 <_ZZ21module_user_init_hookENUlP6_reentjmPvE_4_FUNES0_jmS1_>:

void module_user_init_hook()
{
#if HAL_PLATFORM_NEWLIB
    newlib_impure_ptr_callback([](struct _reent* r, size_t size, uint32_t version, void* ctx) -> void {
        _impure_ptr = r;
   b46f8:	4b01      	ldr	r3, [pc, #4]	; (b4700 <_ZZ21module_user_init_hookENUlP6_reentjmPvE_4_FUNES0_jmS1_+0x8>)
   b46fa:	6018      	str	r0, [r3, #0]
    }, nullptr);
   b46fc:	4770      	bx	lr
   b46fe:	bf00      	nop
   b4700:	2003e674 	.word	0x2003e674

000b4704 <serialEventRun>:
{
   b4704:	b508      	push	{r3, lr}
    if (serialEvent && Serial.available()>0)
   b4706:	4b0b      	ldr	r3, [pc, #44]	; (b4734 <serialEventRun+0x30>)
   b4708:	b143      	cbz	r3, b471c <serialEventRun+0x18>
   b470a:	f7ff ff57 	bl	b45bc <_Z16_fetch_usbserialv>
   b470e:	6803      	ldr	r3, [r0, #0]
   b4710:	691b      	ldr	r3, [r3, #16]
   b4712:	4798      	blx	r3
   b4714:	2800      	cmp	r0, #0
   b4716:	dd01      	ble.n	b471c <serialEventRun+0x18>
        serialEvent();
   b4718:	f3af 8000 	nop.w
    if (serialEvent1 && Serial1.available()>0)
   b471c:	4b06      	ldr	r3, [pc, #24]	; (b4738 <serialEventRun+0x34>)
   b471e:	b143      	cbz	r3, b4732 <serialEventRun+0x2e>
   b4720:	f000 f9ae 	bl	b4a80 <_Z22__fetch_global_Serial1v>
   b4724:	6803      	ldr	r3, [r0, #0]
   b4726:	691b      	ldr	r3, [r3, #16]
   b4728:	4798      	blx	r3
   b472a:	2800      	cmp	r0, #0
   b472c:	dd01      	ble.n	b4732 <serialEventRun+0x2e>
        serialEvent1();
   b472e:	f3af 8000 	nop.w
}
   b4732:	bd08      	pop	{r3, pc}
	...

000b473c <_post_loop>:
{
   b473c:	b508      	push	{r3, lr}
	serialEventRun();
   b473e:	f7ff ffe1 	bl	b4704 <serialEventRun>
		return !thread || !thread->isRunning();
	}

	static inline system_tick_t current_time()
	{
		return HAL_Timer_Get_Milli_Seconds();
   b4742:	f7ff fd35 	bl	b41b0 <HAL_Timer_Get_Milli_Seconds>
	/**
	 * Lifesign that the application is still working normally.
	 */
	static void checkin()
	{
		last_checkin = current_time();
   b4746:	4b01      	ldr	r3, [pc, #4]	; (b474c <_post_loop+0x10>)
   b4748:	6018      	str	r0, [r3, #0]
}
   b474a:	bd08      	pop	{r3, pc}
   b474c:	2003e740 	.word	0x2003e740

000b4750 <_Z33system_initialize_user_backup_ramv>:
    memcpy(&link_global_retained_start, &link_global_retained_initial_values, len);
   b4750:	4805      	ldr	r0, [pc, #20]	; (b4768 <_Z33system_initialize_user_backup_ramv+0x18>)
   b4752:	4a06      	ldr	r2, [pc, #24]	; (b476c <_Z33system_initialize_user_backup_ramv+0x1c>)
   b4754:	4906      	ldr	r1, [pc, #24]	; (b4770 <_Z33system_initialize_user_backup_ramv+0x20>)
{
   b4756:	b508      	push	{r3, lr}
    memcpy(&link_global_retained_start, &link_global_retained_initial_values, len);
   b4758:	1a12      	subs	r2, r2, r0
   b475a:	f000 f9bd 	bl	b4ad8 <memcpy>
    __backup_sram_signature = signature;
   b475e:	4b05      	ldr	r3, [pc, #20]	; (b4774 <_Z33system_initialize_user_backup_ramv+0x24>)
   b4760:	4a05      	ldr	r2, [pc, #20]	; (b4778 <_Z33system_initialize_user_backup_ramv+0x28>)
   b4762:	601a      	str	r2, [r3, #0]
}
   b4764:	bd08      	pop	{r3, pc}
   b4766:	bf00      	nop
   b4768:	2003f400 	.word	0x2003f400
   b476c:	2003f404 	.word	0x2003f404
   b4770:	000b4e74 	.word	0x000b4e74
   b4774:	2003f400 	.word	0x2003f400
   b4778:	9a271c1e 	.word	0x9a271c1e

000b477c <_Z27ctrl_request_custom_handlerP12ctrl_request>:
void __attribute((weak)) ctrl_request_custom_handler(ctrl_request* req) {
   b477c:	b507      	push	{r0, r1, r2, lr}
    system_ctrl_set_result(req, SYSTEM_ERROR_NOT_SUPPORTED, nullptr, nullptr, nullptr);
   b477e:	2300      	movs	r3, #0
   b4780:	9300      	str	r3, [sp, #0]
   b4782:	461a      	mov	r2, r3
   b4784:	f06f 0177 	mvn.w	r1, #119	; 0x77
   b4788:	f7ff fda4 	bl	b42d4 <system_ctrl_set_result>
}
   b478c:	b003      	add	sp, #12
   b478e:	f85d fb04 	ldr.w	pc, [sp], #4
	...

000b4794 <_ZL20ctrl_request_handlerP12ctrl_request>:
static void ctrl_request_handler(ctrl_request* req) {
   b4794:	b507      	push	{r0, r1, r2, lr}
    switch (req->type) {
   b4796:	8843      	ldrh	r3, [r0, #2]
   b4798:	2b0a      	cmp	r3, #10
   b479a:	d008      	beq.n	b47ae <_ZL20ctrl_request_handlerP12ctrl_request+0x1a>
   b479c:	2b50      	cmp	r3, #80	; 0x50
   b479e:	d10b      	bne.n	b47b8 <_ZL20ctrl_request_handlerP12ctrl_request+0x24>
        if (log_process_ctrl_request_callback) {
   b47a0:	4b09      	ldr	r3, [pc, #36]	; (b47c8 <_ZL20ctrl_request_handlerP12ctrl_request+0x34>)
   b47a2:	681b      	ldr	r3, [r3, #0]
   b47a4:	b14b      	cbz	r3, b47ba <_ZL20ctrl_request_handlerP12ctrl_request+0x26>
}
   b47a6:	b003      	add	sp, #12
   b47a8:	f85d eb04 	ldr.w	lr, [sp], #4
            log_process_ctrl_request_callback(req);
   b47ac:	4718      	bx	r3
        ctrl_request_custom_handler(req);
   b47ae:	f7ff ffe5 	bl	b477c <_Z27ctrl_request_custom_handlerP12ctrl_request>
}
   b47b2:	b003      	add	sp, #12
   b47b4:	f85d fb04 	ldr.w	pc, [sp], #4
        system_ctrl_set_result(req, SYSTEM_ERROR_NOT_SUPPORTED, nullptr, nullptr, nullptr);
   b47b8:	2300      	movs	r3, #0
   b47ba:	9300      	str	r3, [sp, #0]
   b47bc:	461a      	mov	r2, r3
   b47be:	f06f 0177 	mvn.w	r1, #119	; 0x77
   b47c2:	f7ff fd87 	bl	b42d4 <system_ctrl_set_result>
}
   b47c6:	e7f4      	b.n	b47b2 <_ZL20ctrl_request_handlerP12ctrl_request+0x1e>
   b47c8:	2003e708 	.word	0x2003e708

000b47cc <module_user_init_hook>:
{
   b47cc:	b510      	push	{r4, lr}
    newlib_impure_ptr_callback([](struct _reent* r, size_t size, uint32_t version, void* ctx) -> void {
   b47ce:	4812      	ldr	r0, [pc, #72]	; (b4818 <module_user_init_hook+0x4c>)
   b47d0:	2100      	movs	r1, #0
   b47d2:	f7ff fda1 	bl	b4318 <newlib_impure_ptr_callback>
#endif // HAL_PLATFORM_NEWLIB

#if HAL_PLATFORM_BACKUP_RAM
    backup_ram_was_valid_ = __backup_sram_signature == signature;
   b47d6:	4b11      	ldr	r3, [pc, #68]	; (b481c <module_user_init_hook+0x50>)
   b47d8:	681a      	ldr	r2, [r3, #0]
   b47da:	4b11      	ldr	r3, [pc, #68]	; (b4820 <module_user_init_hook+0x54>)
   b47dc:	429a      	cmp	r2, r3
   b47de:	4b11      	ldr	r3, [pc, #68]	; (b4824 <module_user_init_hook+0x58>)
   b47e0:	bf0c      	ite	eq
   b47e2:	2201      	moveq	r2, #1
   b47e4:	2200      	movne	r2, #0
   b47e6:	701a      	strb	r2, [r3, #0]
    if (!backup_ram_was_valid_) {
   b47e8:	d001      	beq.n	b47ee <module_user_init_hook+0x22>
        system_initialize_user_backup_ram();
   b47ea:	f7ff ffb1 	bl	b4750 <_Z33system_initialize_user_backup_ramv>
    }
#endif

#if HAL_PLATFORM_RNG
    // Initialize the default stdlib PRNG using hardware RNG as a seed
    const uint32_t seed = HAL_RNG_GetRandomNumber();
   b47ee:	f7ff fcd7 	bl	b41a0 <HAL_RNG_GetRandomNumber>
   b47f2:	4604      	mov	r4, r0
    srand(seed);
   b47f4:	f000 f986 	bl	b4b04 <srand>

    // If the user defines random_seed_from_cloud, call it with a seed value
    // generated by a hardware RNG as well.
    if (random_seed_from_cloud) {
   b47f8:	4b0b      	ldr	r3, [pc, #44]	; (b4828 <module_user_init_hook+0x5c>)
   b47fa:	b113      	cbz	r3, b4802 <module_user_init_hook+0x36>
        random_seed_from_cloud(seed);
   b47fc:	4620      	mov	r0, r4
   b47fe:	f3af 8000 	nop.w
    }
#endif
    // Register the random_seed_from_cloud handler
    spark_set_random_seed_from_cloud_handler(&random_seed_from_cloud, nullptr);
   b4802:	2100      	movs	r1, #0
   b4804:	4808      	ldr	r0, [pc, #32]	; (b4828 <module_user_init_hook+0x5c>)
   b4806:	f7ff fceb 	bl	b41e0 <spark_set_random_seed_from_cloud_handler>

    // Register application handler for the control requests
    system_ctrl_set_app_request_handler(ctrl_request_handler, nullptr);
}
   b480a:	e8bd 4010 	ldmia.w	sp!, {r4, lr}
    system_ctrl_set_app_request_handler(ctrl_request_handler, nullptr);
   b480e:	4807      	ldr	r0, [pc, #28]	; (b482c <module_user_init_hook+0x60>)
   b4810:	2100      	movs	r1, #0
   b4812:	f7ff bd55 	b.w	b42c0 <system_ctrl_set_app_request_handler>
   b4816:	bf00      	nop
   b4818:	000b46f9 	.word	0x000b46f9
   b481c:	2003f400 	.word	0x2003f400
   b4820:	9a271c1e 	.word	0x9a271c1e
   b4824:	2003e704 	.word	0x2003e704
   b4828:	00000000 	.word	0x00000000
   b482c:	000b4795 	.word	0x000b4795

000b4830 <_GLOBAL__sub_I_RGB>:
	static void
	_M_init_functor(_Any_data& __functor, _Functor&& __f, false_type)
	{ __functor._M_access<_Functor*>() = new _Functor(std::move(__f)); }
      };

    _Function_base() : _M_manager(nullptr) { }
   b4830:	4b01      	ldr	r3, [pc, #4]	; (b4838 <_GLOBAL__sub_I_RGB+0x8>)
   b4832:	2200      	movs	r2, #0
   b4834:	609a      	str	r2, [r3, #8]
{
    RGBClass* const d = static_cast<RGBClass*>(data);
    if (d->changeHandler_) {
        d->changeHandler_(r, g, b);
    }
}
   b4836:	4770      	bx	lr
   b4838:	2003e70c 	.word	0x2003e70c

000b483c <_GLOBAL__sub_I_TIME_FORMAT_DEFAULT>:
            calendar_time_cache = Convert_UnixTime_To_CalendarTime(unix_time);
            unix_time_cache = unix_time;
    }
}

const char* TimeClass::format_spec = TIME_FORMAT_DEFAULT;
   b483c:	4b02      	ldr	r3, [pc, #8]	; (b4848 <_GLOBAL__sub_I_TIME_FORMAT_DEFAULT+0xc>)
   b483e:	681a      	ldr	r2, [r3, #0]
   b4840:	4b02      	ldr	r3, [pc, #8]	; (b484c <_GLOBAL__sub_I_TIME_FORMAT_DEFAULT+0x10>)
   b4842:	601a      	str	r2, [r3, #0]
{
  return isValid();
}


TimeClass Time;
   b4844:	4770      	bx	lr
   b4846:	bf00      	nop
   b4848:	2003e670 	.word	0x2003e670
   b484c:	2003e71c 	.word	0x2003e71c

000b4850 <_GLOBAL__sub_I__ZN5spark3LogE>:
    // This handler doesn't support direct logging
}

// spark::Logger
inline spark::Logger::Logger(const char *name) :
        name_(name) {
   b4850:	4b01      	ldr	r3, [pc, #4]	; (b4858 <_GLOBAL__sub_I__ZN5spark3LogE+0x8>)
   b4852:	4a02      	ldr	r2, [pc, #8]	; (b485c <_GLOBAL__sub_I__ZN5spark3LogE+0xc>)
   b4854:	601a      	str	r2, [r3, #0]
#if Wiring_LogConfig

// spark::
void spark::logProcessControlRequest(ctrl_request* req) {
    JSONRequestHandler::process(req);
}
   b4856:	4770      	bx	lr
   b4858:	2003e720 	.word	0x2003e720
   b485c:	000b4d28 	.word	0x000b4d28

000b4860 <_ZN5Print5writeEPKhj>:

// Public Methods //////////////////////////////////////////////////////////////

/* default implementation: may be overridden */
size_t Print::write(const uint8_t *buffer, size_t size)
{
   b4860:	b5f8      	push	{r3, r4, r5, r6, r7, lr}
   b4862:	4606      	mov	r6, r0
   b4864:	460d      	mov	r5, r1
  size_t n = 0;
   b4866:	188f      	adds	r7, r1, r2
   b4868:	2400      	movs	r4, #0
  while (size--) {
   b486a:	42bd      	cmp	r5, r7
   b486c:	d00c      	beq.n	b4888 <_ZN5Print5writeEPKhj+0x28>
     int chunk = write(*buffer++);
   b486e:	6833      	ldr	r3, [r6, #0]
   b4870:	f815 1b01 	ldrb.w	r1, [r5], #1
   b4874:	689b      	ldr	r3, [r3, #8]
   b4876:	4630      	mov	r0, r6
   b4878:	4798      	blx	r3
     if (chunk>=0)
   b487a:	1e03      	subs	r3, r0, #0
   b487c:	db01      	blt.n	b4882 <_ZN5Print5writeEPKhj+0x22>
         n += chunk;
   b487e:	441c      	add	r4, r3
  while (size--) {
   b4880:	e7f3      	b.n	b486a <_ZN5Print5writeEPKhj+0xa>
     int chunk = write(*buffer++);
   b4882:	2c00      	cmp	r4, #0
   b4884:	bf08      	it	eq
   b4886:	461c      	moveq	r4, r3
             n = chunk;
         break;
     }
  }
  return n;
}
   b4888:	4620      	mov	r0, r4
   b488a:	bdf8      	pop	{r3, r4, r5, r6, r7, pc}

000b488c <_ZN5Print5writeEPKc>:
    size_t write(const char *str) {
   b488c:	b513      	push	{r0, r1, r4, lr}
   b488e:	4604      	mov	r4, r0
    }
   b4890:	4608      	mov	r0, r1
      if (str == NULL) return 0;
   b4892:	b159      	cbz	r1, b48ac <_ZN5Print5writeEPKc+0x20>
      return write((const uint8_t *)str, strlen(str));
   b4894:	9101      	str	r1, [sp, #4]
   b4896:	f000 f963 	bl	b4b60 <strlen>
   b489a:	6823      	ldr	r3, [r4, #0]
   b489c:	9901      	ldr	r1, [sp, #4]
   b489e:	68db      	ldr	r3, [r3, #12]
   b48a0:	4602      	mov	r2, r0
   b48a2:	4620      	mov	r0, r4
    }
   b48a4:	b002      	add	sp, #8
   b48a6:	e8bd 4010 	ldmia.w	sp!, {r4, lr}
      return write((const uint8_t *)str, strlen(str));
   b48aa:	4718      	bx	r3
    }
   b48ac:	b002      	add	sp, #8
   b48ae:	bd10      	pop	{r4, pc}

000b48b0 <_ZN5Print5printEc>:
  return write(str);
}

size_t Print::print(char c)
{
  return write(c);
   b48b0:	6803      	ldr	r3, [r0, #0]
   b48b2:	689b      	ldr	r3, [r3, #8]
   b48b4:	4718      	bx	r3

000b48b6 <_ZN5Print11printNumberEmh>:
  return println(reinterpret_cast<const char*>(str));
}

// Private Methods /////////////////////////////////////////////////////////////

size_t Print::printNumber(unsigned long n, uint8_t base) {
   b48b6:	b530      	push	{r4, r5, lr}
   b48b8:	b08b      	sub	sp, #44	; 0x2c
  char buf[8 * sizeof(n) + 1]; // Assumes 8-bit chars plus zero byte.
  char *str = &buf[sizeof(buf) - 1];

  *str = '\0';
   b48ba:	2300      	movs	r3, #0

  // prevent crash if called with base == 1
  if (base < 2) base = 10;
   b48bc:	2a01      	cmp	r2, #1
  *str = '\0';
   b48be:	f88d 3024 	strb.w	r3, [sp, #36]	; 0x24
  if (base < 2) base = 10;
   b48c2:	bf98      	it	ls
   b48c4:	220a      	movls	r2, #10
   b48c6:	ac09      	add	r4, sp, #36	; 0x24

  do {
   decltype(n) m = n;
   n /= base;
   b48c8:	460d      	mov	r5, r1
   b48ca:	fbb1 f1f2 	udiv	r1, r1, r2
   char c = m - base * n;
   b48ce:	fb01 5312 	mls	r3, r1, r2, r5
   b48d2:	f003 03ff 	and.w	r3, r3, #255	; 0xff
   *--str = c < 10 ? c + '0' : c + 'A' - 10;
   b48d6:	2b09      	cmp	r3, #9
   b48d8:	bf94      	ite	ls
   b48da:	3330      	addls	r3, #48	; 0x30
   b48dc:	3337      	addhi	r3, #55	; 0x37
   b48de:	b2db      	uxtb	r3, r3
  } while(n);
   b48e0:	42aa      	cmp	r2, r5
   *--str = c < 10 ? c + '0' : c + 'A' - 10;
   b48e2:	f804 3d01 	strb.w	r3, [r4, #-1]!
  } while(n);
   b48e6:	d9ef      	bls.n	b48c8 <_ZN5Print11printNumberEmh+0x12>

  return write(str);
   b48e8:	4621      	mov	r1, r4
   b48ea:	f7ff ffcf 	bl	b488c <_ZN5Print5writeEPKc>
}
   b48ee:	b00b      	add	sp, #44	; 0x2c
   b48f0:	bd30      	pop	{r4, r5, pc}
	...

000b48f4 <_GLOBAL__sub_I__ZN8particle3ble13WiringBleLock6mutex_E>:
    /**
     * Creates a shared mutex.
     */
    RecursiveMutex(os_mutex_recursive_t handle) : handle_(handle) {}

    RecursiveMutex() : handle_(nullptr)
   b48f4:	4802      	ldr	r0, [pc, #8]	; (b4900 <_GLOBAL__sub_I__ZN8particle3ble13WiringBleLock6mutex_E+0xc>)
   b48f6:	2300      	movs	r3, #0
   b48f8:	6003      	str	r3, [r0, #0]
    {
        os_mutex_recursive_create(&handle_);
   b48fa:	f7ff bc49 	b.w	b4190 <os_mutex_recursive_create>
   b48fe:	bf00      	nop
   b4900:	2003e724 	.word	0x2003e724

000b4904 <_ZN11USARTSerialD1Ev>:
private:
  hal_usart_interface_t _serial;
  bool _blocking;
public:
  USARTSerial(hal_usart_interface_t serial, const hal_usart_buffer_config_t& config);
  virtual ~USARTSerial() {};
   b4904:	4770      	bx	lr

000b4906 <_ZN11USARTSerial14blockOnOverrunEb>:
    hal_usart_half_duplex(_serial, Enable);
}

void USARTSerial::blockOnOverrun(bool block)
{
  _blocking = block;
   b4906:	7441      	strb	r1, [r0, #17]
}
   b4908:	4770      	bx	lr

000b490a <_ZN11USARTSerial17availableForWriteEv>:


int USARTSerial::availableForWrite(void)
{
   b490a:	b508      	push	{r3, lr}
  return std::max(0, (int)hal_usart_available_data_for_write(_serial));
   b490c:	7c00      	ldrb	r0, [r0, #16]
   b490e:	f7ff fc27 	bl	b4160 <hal_usart_available_data_for_write>
}
   b4912:	ea20 70e0 	bic.w	r0, r0, r0, asr #31
   b4916:	bd08      	pop	{r3, pc}

000b4918 <_ZN11USARTSerial9availableEv>:

int USARTSerial::available(void)
{
   b4918:	b508      	push	{r3, lr}
  return std::max(0, (int)hal_usart_available(_serial));
   b491a:	7c00      	ldrb	r0, [r0, #16]
   b491c:	f7ff fc00 	bl	b4120 <hal_usart_available>
}
   b4920:	ea20 70e0 	bic.w	r0, r0, r0, asr #31
   b4924:	bd08      	pop	{r3, pc}

000b4926 <_ZN11USARTSerial4peekEv>:

int USARTSerial::peek(void)
{
   b4926:	b508      	push	{r3, lr}
  return std::max(-1, (int)hal_usart_peek(_serial));
   b4928:	7c00      	ldrb	r0, [r0, #16]
   b492a:	f7ff fc09 	bl	b4140 <hal_usart_peek>
}
   b492e:	ea40 70e0 	orr.w	r0, r0, r0, asr #31
   b4932:	bd08      	pop	{r3, pc}

000b4934 <_ZN11USARTSerial4readEv>:

int USARTSerial::read(void)
{
   b4934:	b508      	push	{r3, lr}
  return std::max(-1, (int)hal_usart_read(_serial));
   b4936:	7c00      	ldrb	r0, [r0, #16]
   b4938:	f7ff fbfa 	bl	b4130 <hal_usart_read>
}
   b493c:	ea40 70e0 	orr.w	r0, r0, r0, asr #31
   b4940:	bd08      	pop	{r3, pc}

000b4942 <_ZN11USARTSerial5flushEv>:

void USARTSerial::flush()
{
  hal_usart_flush(_serial);
   b4942:	7c00      	ldrb	r0, [r0, #16]
   b4944:	f7ff bc04 	b.w	b4150 <hal_usart_flush>

000b4948 <_ZN11USARTSerial5writeEh>:
}

size_t USARTSerial::write(uint8_t c)
{
   b4948:	b537      	push	{r0, r1, r2, r4, r5, lr}
  // attempt a write if blocking, or for non-blocking if there is room.
  if (_blocking || hal_usart_available_data_for_write(_serial) > 0) {
   b494a:	7c45      	ldrb	r5, [r0, #17]
{
   b494c:	4604      	mov	r4, r0
  if (_blocking || hal_usart_available_data_for_write(_serial) > 0) {
   b494e:	b12d      	cbz	r5, b495c <_ZN11USARTSerial5writeEh+0x14>
    // the HAL always blocks.
	  return hal_usart_write(_serial, c);
   b4950:	7c20      	ldrb	r0, [r4, #16]
  }
  return 0;
}
   b4952:	b003      	add	sp, #12
   b4954:	e8bd 4030 	ldmia.w	sp!, {r4, r5, lr}
	  return hal_usart_write(_serial, c);
   b4958:	f7ff bbda 	b.w	b4110 <hal_usart_write>
  if (_blocking || hal_usart_available_data_for_write(_serial) > 0) {
   b495c:	7c00      	ldrb	r0, [r0, #16]
   b495e:	9101      	str	r1, [sp, #4]
   b4960:	f7ff fbfe 	bl	b4160 <hal_usart_available_data_for_write>
   b4964:	2800      	cmp	r0, #0
   b4966:	9901      	ldr	r1, [sp, #4]
   b4968:	dcf2      	bgt.n	b4950 <_ZN11USARTSerial5writeEh+0x8>
}
   b496a:	4628      	mov	r0, r5
   b496c:	b003      	add	sp, #12
   b496e:	bd30      	pop	{r4, r5, pc}

000b4970 <_ZN11USARTSerialD0Ev>:
   b4970:	b510      	push	{r4, lr}
   b4972:	2114      	movs	r1, #20
   b4974:	4604      	mov	r4, r0
   b4976:	f7ff fb8e 	bl	b4096 <_ZdlPvj>
   b497a:	4620      	mov	r0, r4
   b497c:	bd10      	pop	{r4, pc}
	...

000b4980 <_ZN11USARTSerialC1E21hal_usart_interface_tRK25hal_usart_buffer_config_t>:
USARTSerial::USARTSerial(hal_usart_interface_t serial, const hal_usart_buffer_config_t& config)
   b4980:	b510      	push	{r4, lr}
   b4982:	f44f 737a 	mov.w	r3, #1000	; 0x3e8
   b4986:	4604      	mov	r4, r0
   b4988:	4608      	mov	r0, r1
   b498a:	4611      	mov	r1, r2
   b498c:	2200      	movs	r2, #0
   b498e:	e9c4 2301 	strd	r2, r3, [r4, #4]
   b4992:	4b04      	ldr	r3, [pc, #16]	; (b49a4 <_ZN11USARTSerialC1E21hal_usart_interface_tRK25hal_usart_buffer_config_t+0x24>)
   b4994:	6023      	str	r3, [r4, #0]
  _blocking = true;
   b4996:	2301      	movs	r3, #1
  _serial = serial;
   b4998:	7420      	strb	r0, [r4, #16]
  _blocking = true;
   b499a:	7463      	strb	r3, [r4, #17]
  hal_usart_init_ex(serial, &config, nullptr);
   b499c:	f7ff fbe8 	bl	b4170 <hal_usart_init_ex>
}
   b49a0:	4620      	mov	r0, r4
   b49a2:	bd10      	pop	{r4, pc}
   b49a4:	000b4d34 	.word	0x000b4d34

000b49a8 <_GLOBAL__sub_I_System>:
} // namespace particle

// particle::Flag<TagT, ValueT>
template<typename TagT, typename ValueT>
inline particle::Flag<TagT, ValueT>::Flag(ValueT val) :
        val_(val) {
   b49a8:	4b05      	ldr	r3, [pc, #20]	; (b49c0 <_GLOBAL__sub_I_System+0x18>)
   b49aa:	2202      	movs	r2, #2
   b49ac:	601a      	str	r2, [r3, #0]

class SystemSleepResult {
public:
    SystemSleepResult()
            : wakeupSource_(nullptr),
              error_(SYSTEM_ERROR_NONE) {
   b49ae:	4b05      	ldr	r3, [pc, #20]	; (b49c4 <_GLOBAL__sub_I_System+0x1c>)
    SleepResult() {}
   b49b0:	4a05      	ldr	r2, [pc, #20]	; (b49c8 <_GLOBAL__sub_I_System+0x20>)
   b49b2:	609a      	str	r2, [r3, #8]
              error_(SYSTEM_ERROR_NONE) {
   b49b4:	2000      	movs	r0, #0
   b49b6:	e9c3 0000 	strd	r0, r0, [r3]

class SystemClass {
public:

    SystemClass(System_Mode_TypeDef mode = DEFAULT) {
        set_system_mode(mode);
   b49ba:	f7ff bc79 	b.w	b42b0 <set_system_mode>
   b49be:	bf00      	nop
   b49c0:	2003e734 	.word	0x2003e734
   b49c4:	2003e728 	.word	0x2003e728
   b49c8:	ffff0000 	.word	0xffff0000

000b49cc <_ZN5spark13EthernetClass9listeningEv>:
    uint16_t getListenTimeout(void) {
        return network_get_listen_timeout(*this, 0, NULL);
    }

    bool listening(void) {
        return network_listening(*this, 0, NULL);
   b49cc:	2200      	movs	r2, #0
   b49ce:	6840      	ldr	r0, [r0, #4]
   b49d0:	4611      	mov	r1, r2
   b49d2:	f7ff bc45 	b.w	b4260 <network_listening>

000b49d6 <_ZN5spark13EthernetClass16getListenTimeoutEv>:
        return network_get_listen_timeout(*this, 0, NULL);
   b49d6:	2200      	movs	r2, #0
   b49d8:	6840      	ldr	r0, [r0, #4]
   b49da:	4611      	mov	r1, r2
   b49dc:	f7ff bc50 	b.w	b4280 <network_get_listen_timeout>

000b49e0 <_ZN5spark13EthernetClass16setListenTimeoutEt>:
        network_set_listen_timeout(*this, timeout, NULL);
   b49e0:	6840      	ldr	r0, [r0, #4]
   b49e2:	2200      	movs	r2, #0
   b49e4:	f7ff bc44 	b.w	b4270 <network_set_listen_timeout>

000b49e8 <_ZN5spark13EthernetClass6listenEb>:
        network_listen(*this, begin ? 0 : 1, NULL);
   b49e8:	6840      	ldr	r0, [r0, #4]
   b49ea:	2200      	movs	r2, #0
   b49ec:	f081 0101 	eor.w	r1, r1, #1
   b49f0:	f7ff bc2e 	b.w	b4250 <network_listen>

000b49f4 <_ZN5spark13EthernetClass3offEv>:
        network_off(*this, 0, 0, NULL);
   b49f4:	2300      	movs	r3, #0
   b49f6:	6840      	ldr	r0, [r0, #4]
   b49f8:	461a      	mov	r2, r3
   b49fa:	4619      	mov	r1, r3
   b49fc:	f7ff bc20 	b.w	b4240 <network_off>

000b4a00 <_ZN5spark13EthernetClass2onEv>:
        network_on(*this, 0, 0, NULL);
   b4a00:	2300      	movs	r3, #0
   b4a02:	6840      	ldr	r0, [r0, #4]
   b4a04:	461a      	mov	r2, r3
   b4a06:	4619      	mov	r1, r3
   b4a08:	f7ff bc12 	b.w	b4230 <network_on>

000b4a0c <_ZN5spark13EthernetClass5readyEv>:
    }

    bool ready() {
        return network_ready(*this, 0,  NULL);
   b4a0c:	2200      	movs	r2, #0
   b4a0e:	6840      	ldr	r0, [r0, #4]
   b4a10:	4611      	mov	r1, r2
   b4a12:	f7ff bc05 	b.w	b4220 <network_ready>

000b4a16 <_ZN5spark13EthernetClass10connectingEv>:
        return network_connecting(*this, 0, NULL);
   b4a16:	2200      	movs	r2, #0
   b4a18:	6840      	ldr	r0, [r0, #4]
   b4a1a:	4611      	mov	r1, r2
   b4a1c:	f7ff bbf0 	b.w	b4200 <network_connecting>

000b4a20 <_ZN5spark13EthernetClass10disconnectEv>:
        network_disconnect(*this, NETWORK_DISCONNECT_REASON_USER, NULL);
   b4a20:	6840      	ldr	r0, [r0, #4]
   b4a22:	2200      	movs	r2, #0
   b4a24:	2102      	movs	r1, #2
   b4a26:	f7ff bbf3 	b.w	b4210 <network_disconnect>

000b4a2a <_ZN5spark13EthernetClass7connectEj>:
        network_connect(*this, flags, 0, NULL);
   b4a2a:	2300      	movs	r3, #0
   b4a2c:	6840      	ldr	r0, [r0, #4]
   b4a2e:	461a      	mov	r2, r3
   b4a30:	f7ff bbde 	b.w	b41f0 <network_connect>

000b4a34 <_GLOBAL__sub_I__ZN5spark8EthernetE>:
   b4a34:	4b02      	ldr	r3, [pc, #8]	; (b4a40 <_GLOBAL__sub_I__ZN5spark8EthernetE+0xc>)
   b4a36:	2203      	movs	r2, #3
   b4a38:	605a      	str	r2, [r3, #4]
            NetworkClass(NETWORK_INTERFACE_ETHERNET) {
   b4a3a:	4a02      	ldr	r2, [pc, #8]	; (b4a44 <_GLOBAL__sub_I__ZN5spark8EthernetE+0x10>)
   b4a3c:	601a      	str	r2, [r3, #0]

namespace spark {

EthernetClass Ethernet;

} // spark
   b4a3e:	4770      	bx	lr
   b4a40:	2003e738 	.word	0x2003e738
   b4a44:	000b4d64 	.word	0x000b4d64

000b4a48 <__tcf_0>:
}
#endif

USARTSerial& __fetch_global_Serial1()
{
    static USARTSerial serial1(HAL_USART_SERIAL1, acquireSerial1Buffer());
   b4a48:	4770      	bx	lr
	...

000b4a4c <_Z20acquireSerial1Bufferv>:
{
   b4a4c:	b538      	push	{r3, r4, r5, lr}
   b4a4e:	4604      	mov	r4, r0
    hal_usart_buffer_config_t config = {
   b4a50:	2514      	movs	r5, #20
   b4a52:	462a      	mov	r2, r5
   b4a54:	2100      	movs	r1, #0
   b4a56:	f000 f84d 	bl	b4af4 <memset>
   b4a5a:	8025      	strh	r5, [r4, #0]
   b4a5c:	2540      	movs	r5, #64	; 0x40
        .rx_buffer = new (std::nothrow) uint8_t[bufferSize],
   b4a5e:	4907      	ldr	r1, [pc, #28]	; (b4a7c <_Z20acquireSerial1Bufferv+0x30>)
    hal_usart_buffer_config_t config = {
   b4a60:	8125      	strh	r5, [r4, #8]
        .rx_buffer = new (std::nothrow) uint8_t[bufferSize],
   b4a62:	4628      	mov	r0, r5
    hal_usart_buffer_config_t config = {
   b4a64:	8225      	strh	r5, [r4, #16]
        .rx_buffer = new (std::nothrow) uint8_t[bufferSize],
   b4a66:	f000 f82f 	bl	b4ac8 <_ZnajRKSt9nothrow_t>
        .tx_buffer = new (std::nothrow) uint8_t[bufferSize],
   b4a6a:	4904      	ldr	r1, [pc, #16]	; (b4a7c <_Z20acquireSerial1Bufferv+0x30>)
    };
   b4a6c:	6060      	str	r0, [r4, #4]
        .tx_buffer = new (std::nothrow) uint8_t[bufferSize],
   b4a6e:	4628      	mov	r0, r5
   b4a70:	f000 f82a 	bl	b4ac8 <_ZnajRKSt9nothrow_t>
    };
   b4a74:	60e0      	str	r0, [r4, #12]
}
   b4a76:	4620      	mov	r0, r4
   b4a78:	bd38      	pop	{r3, r4, r5, pc}
   b4a7a:	bf00      	nop
   b4a7c:	000b4d98 	.word	0x000b4d98

000b4a80 <_Z22__fetch_global_Serial1v>:
{
   b4a80:	b530      	push	{r4, r5, lr}
    static USARTSerial serial1(HAL_USART_SERIAL1, acquireSerial1Buffer());
   b4a82:	4d0e      	ldr	r5, [pc, #56]	; (b4abc <_Z22__fetch_global_Serial1v+0x3c>)
   b4a84:	7829      	ldrb	r1, [r5, #0]
   b4a86:	f3bf 8f5b 	dmb	ish
   b4a8a:	f011 0401 	ands.w	r4, r1, #1
{
   b4a8e:	b087      	sub	sp, #28
    static USARTSerial serial1(HAL_USART_SERIAL1, acquireSerial1Buffer());
   b4a90:	d111      	bne.n	b4ab6 <_Z22__fetch_global_Serial1v+0x36>
   b4a92:	4628      	mov	r0, r5
   b4a94:	f7ff fb01 	bl	b409a <__cxa_guard_acquire>
   b4a98:	b168      	cbz	r0, b4ab6 <_Z22__fetch_global_Serial1v+0x36>
   b4a9a:	a801      	add	r0, sp, #4
   b4a9c:	f7ff ffd6 	bl	b4a4c <_Z20acquireSerial1Bufferv>
   b4aa0:	aa01      	add	r2, sp, #4
   b4aa2:	4621      	mov	r1, r4
   b4aa4:	4806      	ldr	r0, [pc, #24]	; (b4ac0 <_Z22__fetch_global_Serial1v+0x40>)
   b4aa6:	f7ff ff6b 	bl	b4980 <_ZN11USARTSerialC1E21hal_usart_interface_tRK25hal_usart_buffer_config_t>
   b4aaa:	4628      	mov	r0, r5
   b4aac:	f7ff fafa 	bl	b40a4 <__cxa_guard_release>
   b4ab0:	4804      	ldr	r0, [pc, #16]	; (b4ac4 <_Z22__fetch_global_Serial1v+0x44>)
   b4ab2:	f000 f80b 	bl	b4acc <atexit>
    return serial1;
}
   b4ab6:	4802      	ldr	r0, [pc, #8]	; (b4ac0 <_Z22__fetch_global_Serial1v+0x40>)
   b4ab8:	b007      	add	sp, #28
   b4aba:	bd30      	pop	{r4, r5, pc}
   b4abc:	2003e744 	.word	0x2003e744
   b4ac0:	2003e748 	.word	0x2003e748
   b4ac4:	000b4a49 	.word	0x000b4a49

000b4ac8 <_ZnajRKSt9nothrow_t>:
   b4ac8:	f7ff bae3 	b.w	b4092 <_Znaj>

000b4acc <atexit>:
   b4acc:	2300      	movs	r3, #0
   b4ace:	4601      	mov	r1, r0
   b4ad0:	461a      	mov	r2, r3
   b4ad2:	4618      	mov	r0, r3
   b4ad4:	f000 b84c 	b.w	b4b70 <__register_exitproc>

000b4ad8 <memcpy>:
   b4ad8:	440a      	add	r2, r1
   b4ada:	4291      	cmp	r1, r2
   b4adc:	f100 33ff 	add.w	r3, r0, #4294967295	; 0xffffffff
   b4ae0:	d100      	bne.n	b4ae4 <memcpy+0xc>
   b4ae2:	4770      	bx	lr
   b4ae4:	b510      	push	{r4, lr}
   b4ae6:	f811 4b01 	ldrb.w	r4, [r1], #1
   b4aea:	f803 4f01 	strb.w	r4, [r3, #1]!
   b4aee:	4291      	cmp	r1, r2
   b4af0:	d1f9      	bne.n	b4ae6 <memcpy+0xe>
   b4af2:	bd10      	pop	{r4, pc}

000b4af4 <memset>:
   b4af4:	4402      	add	r2, r0
   b4af6:	4603      	mov	r3, r0
   b4af8:	4293      	cmp	r3, r2
   b4afa:	d100      	bne.n	b4afe <memset+0xa>
   b4afc:	4770      	bx	lr
   b4afe:	f803 1b01 	strb.w	r1, [r3], #1
   b4b02:	e7f9      	b.n	b4af8 <memset+0x4>

000b4b04 <srand>:
   b4b04:	b538      	push	{r3, r4, r5, lr}
   b4b06:	4b10      	ldr	r3, [pc, #64]	; (b4b48 <srand+0x44>)
   b4b08:	681d      	ldr	r5, [r3, #0]
   b4b0a:	6bab      	ldr	r3, [r5, #56]	; 0x38
   b4b0c:	4604      	mov	r4, r0
   b4b0e:	b9b3      	cbnz	r3, b4b3e <srand+0x3a>
   b4b10:	2018      	movs	r0, #24
   b4b12:	f7ff fbe9 	bl	b42e8 <malloc>
   b4b16:	4602      	mov	r2, r0
   b4b18:	63a8      	str	r0, [r5, #56]	; 0x38
   b4b1a:	b920      	cbnz	r0, b4b26 <srand+0x22>
   b4b1c:	4b0b      	ldr	r3, [pc, #44]	; (b4b4c <srand+0x48>)
   b4b1e:	480c      	ldr	r0, [pc, #48]	; (b4b50 <srand+0x4c>)
   b4b20:	2142      	movs	r1, #66	; 0x42
   b4b22:	f7ff fbf1 	bl	b4308 <__assert_func>
   b4b26:	490b      	ldr	r1, [pc, #44]	; (b4b54 <srand+0x50>)
   b4b28:	4b0b      	ldr	r3, [pc, #44]	; (b4b58 <srand+0x54>)
   b4b2a:	e9c0 1300 	strd	r1, r3, [r0]
   b4b2e:	4b0b      	ldr	r3, [pc, #44]	; (b4b5c <srand+0x58>)
   b4b30:	6083      	str	r3, [r0, #8]
   b4b32:	230b      	movs	r3, #11
   b4b34:	8183      	strh	r3, [r0, #12]
   b4b36:	2100      	movs	r1, #0
   b4b38:	2001      	movs	r0, #1
   b4b3a:	e9c2 0104 	strd	r0, r1, [r2, #16]
   b4b3e:	6bab      	ldr	r3, [r5, #56]	; 0x38
   b4b40:	2200      	movs	r2, #0
   b4b42:	611c      	str	r4, [r3, #16]
   b4b44:	615a      	str	r2, [r3, #20]
   b4b46:	bd38      	pop	{r3, r4, r5, pc}
   b4b48:	2003e674 	.word	0x2003e674
   b4b4c:	000b4d99 	.word	0x000b4d99
   b4b50:	000b4db0 	.word	0x000b4db0
   b4b54:	abcd330e 	.word	0xabcd330e
   b4b58:	e66d1234 	.word	0xe66d1234
   b4b5c:	0005deec 	.word	0x0005deec

000b4b60 <strlen>:
   b4b60:	4603      	mov	r3, r0
   b4b62:	f813 2b01 	ldrb.w	r2, [r3], #1
   b4b66:	2a00      	cmp	r2, #0
   b4b68:	d1fb      	bne.n	b4b62 <strlen+0x2>
   b4b6a:	1a18      	subs	r0, r3, r0
   b4b6c:	3801      	subs	r0, #1
   b4b6e:	4770      	bx	lr

000b4b70 <__register_exitproc>:
   b4b70:	e92d 43f8 	stmdb	sp!, {r3, r4, r5, r6, r7, r8, r9, lr}
   b4b74:	f8df 80b8 	ldr.w	r8, [pc, #184]	; b4c30 <__register_exitproc+0xc0>
   b4b78:	4606      	mov	r6, r0
   b4b7a:	f8d8 0000 	ldr.w	r0, [r8]
   b4b7e:	461f      	mov	r7, r3
   b4b80:	460d      	mov	r5, r1
   b4b82:	4691      	mov	r9, r2
   b4b84:	f000 f856 	bl	b4c34 <__retarget_lock_acquire_recursive>
   b4b88:	4b25      	ldr	r3, [pc, #148]	; (b4c20 <__register_exitproc+0xb0>)
   b4b8a:	681c      	ldr	r4, [r3, #0]
   b4b8c:	b934      	cbnz	r4, b4b9c <__register_exitproc+0x2c>
   b4b8e:	4c25      	ldr	r4, [pc, #148]	; (b4c24 <__register_exitproc+0xb4>)
   b4b90:	601c      	str	r4, [r3, #0]
   b4b92:	4b25      	ldr	r3, [pc, #148]	; (b4c28 <__register_exitproc+0xb8>)
   b4b94:	b113      	cbz	r3, b4b9c <__register_exitproc+0x2c>
   b4b96:	681b      	ldr	r3, [r3, #0]
   b4b98:	f8c4 3088 	str.w	r3, [r4, #136]	; 0x88
   b4b9c:	6863      	ldr	r3, [r4, #4]
   b4b9e:	2b1f      	cmp	r3, #31
   b4ba0:	dd07      	ble.n	b4bb2 <__register_exitproc+0x42>
   b4ba2:	f8d8 0000 	ldr.w	r0, [r8]
   b4ba6:	f000 f847 	bl	b4c38 <__retarget_lock_release_recursive>
   b4baa:	f04f 30ff 	mov.w	r0, #4294967295	; 0xffffffff
   b4bae:	e8bd 83f8 	ldmia.w	sp!, {r3, r4, r5, r6, r7, r8, r9, pc}
   b4bb2:	b34e      	cbz	r6, b4c08 <__register_exitproc+0x98>
   b4bb4:	f8d4 0088 	ldr.w	r0, [r4, #136]	; 0x88
   b4bb8:	b988      	cbnz	r0, b4bde <__register_exitproc+0x6e>
   b4bba:	4b1c      	ldr	r3, [pc, #112]	; (b4c2c <__register_exitproc+0xbc>)
   b4bbc:	b923      	cbnz	r3, b4bc8 <__register_exitproc+0x58>
   b4bbe:	f8d8 0000 	ldr.w	r0, [r8]
   b4bc2:	f000 f838 	bl	b4c36 <__retarget_lock_release>
   b4bc6:	e7f0      	b.n	b4baa <__register_exitproc+0x3a>
   b4bc8:	f44f 7084 	mov.w	r0, #264	; 0x108
   b4bcc:	f7ff fb8c 	bl	b42e8 <malloc>
   b4bd0:	2800      	cmp	r0, #0
   b4bd2:	d0f4      	beq.n	b4bbe <__register_exitproc+0x4e>
   b4bd4:	2300      	movs	r3, #0
   b4bd6:	e9c0 3340 	strd	r3, r3, [r0, #256]	; 0x100
   b4bda:	f8c4 0088 	str.w	r0, [r4, #136]	; 0x88
   b4bde:	6863      	ldr	r3, [r4, #4]
   b4be0:	f840 9023 	str.w	r9, [r0, r3, lsl #2]
   b4be4:	2201      	movs	r2, #1
   b4be6:	409a      	lsls	r2, r3
   b4be8:	eb00 0183 	add.w	r1, r0, r3, lsl #2
   b4bec:	f8d0 3100 	ldr.w	r3, [r0, #256]	; 0x100
   b4bf0:	4313      	orrs	r3, r2
   b4bf2:	f8c0 3100 	str.w	r3, [r0, #256]	; 0x100
   b4bf6:	2e02      	cmp	r6, #2
   b4bf8:	f8c1 7080 	str.w	r7, [r1, #128]	; 0x80
   b4bfc:	bf02      	ittt	eq
   b4bfe:	f8d0 3104 	ldreq.w	r3, [r0, #260]	; 0x104
   b4c02:	4313      	orreq	r3, r2
   b4c04:	f8c0 3104 	streq.w	r3, [r0, #260]	; 0x104
   b4c08:	6863      	ldr	r3, [r4, #4]
   b4c0a:	f8d8 0000 	ldr.w	r0, [r8]
   b4c0e:	1c5a      	adds	r2, r3, #1
   b4c10:	3302      	adds	r3, #2
   b4c12:	6062      	str	r2, [r4, #4]
   b4c14:	f844 5023 	str.w	r5, [r4, r3, lsl #2]
   b4c18:	f000 f80e 	bl	b4c38 <__retarget_lock_release_recursive>
   b4c1c:	2000      	movs	r0, #0
   b4c1e:	e7c6      	b.n	b4bae <__register_exitproc+0x3e>
   b4c20:	2003e7e8 	.word	0x2003e7e8
   b4c24:	2003e75c 	.word	0x2003e75c
   b4c28:	00000000 	.word	0x00000000
   b4c2c:	000b42e9 	.word	0x000b42e9
   b4c30:	2003e6d8 	.word	0x2003e6d8

000b4c34 <__retarget_lock_acquire_recursive>:
   b4c34:	4770      	bx	lr

000b4c36 <__retarget_lock_release>:
   b4c36:	4770      	bx	lr

000b4c38 <__retarget_lock_release_recursive>:
   b4c38:	4770      	bx	lr

000b4c3a <link_code_end>:
	...

000b4c3c <dynalib_user>:
   b4c3c:	401d 000b 4059 000b 4081 000b 4085 000b     .@..Y@...@...@..
   b4c4c:	0000 0000                                   ....

000b4c50 <_ZTVN5spark12NetworkClassE>:
	...
   b4c58:	4329 000b 4333 000b 433d 000b 4347 000b     )C..3C..=C..GC..
   b4c68:	4351 000b 435d 000b 4369 000b 4371 000b     QC..]C..iC..qC..
   b4c78:	4379 000b 4385 000b 438d 000b 4397 000b     yC...C...C...C..
   b4c88:	43a1 000b                                   .C..

000b4c8c <_ZTVN5spark9WiFiClassE>:
	...
   b4c94:	44eb 000b 44e1 000b 44d7 000b 448d 000b     .D...D...D...D..
   b4ca4:	44cb 000b 44bf 000b 4369 000b 4371 000b     .D...D..iC..qC..
   b4cb4:	44b3 000b 44ab 000b 44a1 000b 4497 000b     .D...D...D...D..
   b4cc4:	43a1 000b                                   .C..

000b4cc8 <_ZTV9USBSerial>:
	...
   b4cd0:	450f 000b 4577 000b 454d 000b 4861 000b     .E..wE..ME..aH..
   b4ce0:	453f 000b 4511 000b 4521 000b 4571 000b     ?E...E..!E..qE..
   b4cf0:	4531 000b 4509 000b                         1E...E..

000b4cf8 <_ZTV9IPAddress>:
	...
   b4d00:	4619 000b 4609 000b 460b 000b 5925 252d     .F...F...F..%Y-%
   b4d10:	2d6d 6425 2554 3a48 4d25 253a 2553 007a     m-%dT%H:%M:%S%z.
   b4d20:	7361 7463 6d69 0065 7061 0070               asctime.app.

000b4d2c <_ZTV11USARTSerial>:
	...
   b4d34:	4905 000b 4971 000b 4949 000b 4861 000b     .I..qI..II..aH..
   b4d44:	4919 000b 4935 000b 4927 000b 4943 000b     .I..5I..'I..CI..
   b4d54:	4907 000b 490b 000b                         .I...I..

000b4d5c <_ZTVN5spark13EthernetClassE>:
	...
   b4d64:	4a2b 000b 4a21 000b 4a17 000b 4a0d 000b     +J..!J...J...J..
   b4d74:	4a01 000b 49f5 000b 4369 000b 4371 000b     .J...I..iC..qC..
   b4d84:	49e9 000b 49e1 000b 49d7 000b 49cd 000b     .I...I...I...I..
   b4d94:	43a1 000b                                   .C..

000b4d98 <_ZSt7nothrow>:
   b4d98:	5200 4545 544e 6d20 6c61 6f6c 2063 7573     .REENT malloc su
   b4da8:	6363 6565 6564 0064 6d2f 746e 772f 726f     cceeded./mnt/wor
   b4db8:	736b 6170 6563 772f 726f 736b 6170 6563     kspace/workspace
   b4dc8:	472f 4343 312d 2d30 6970 6570 696c 656e     /GCC-10-pipeline
   b4dd8:	6a2f 6e65 696b 736e 472d 4343 312d 2d30     /jenkins-GCC-10-
   b4de8:	6970 6570 696c 656e 342d 5f38 3032 3032     pipeline-48_2020
   b4df8:	3131 3432 315f 3036 3136 3038 3436 2f31     1124_1606180641/
   b4e08:	7273 2f63 656e 6c77 6269 6e2f 7765 696c     src/newlib/newli
   b4e18:	2f62 696c 6362 732f 6474 696c 2f62 6172     b/libc/stdlib/ra
   b4e28:	646e 632e                                    nd.c.

000b4e2d <link_const_variable_data_end>:
   b4e2d:	00          	.byte	0x00
	...

000b4e30 <link_constructors_location>:
   b4e30:	000b4479 	.word	0x000b4479
   b4e34:	000b44f5 	.word	0x000b44f5
   b4e38:	000b4831 	.word	0x000b4831
   b4e3c:	000b483d 	.word	0x000b483d
   b4e40:	000b4851 	.word	0x000b4851
   b4e44:	000b48f5 	.word	0x000b48f5
   b4e48:	000b49a9 	.word	0x000b49a9
   b4e4c:	000b4a35 	.word	0x000b4a35
